\BOOKMARK [0][-]{chapter.1}{\376\377\0001\000\040\000D\000o\000c\000u\000m\000e\000n\000t\000a\000t\000i\000o\000n}{}% 1
\BOOKMARK [0][-]{chapter.2}{\376\377\0002\000\040\000N\000a\000m\000e\000s\000p\000a\000c\000e\000\040\000D\000o\000c\000u\000m\000e\000n\000t\000a\000t\000i\000o\000n}{}% 2
\BOOKMARK [1][-]{section.2.1}{\376\377\0002\000.\0001\000\040\000n\000w\000\040\000N\000a\000m\000e\000s\000p\000a\000c\000e\000\040\000R\000e\000f\000e\000r\000e\000n\000c\000e}{chapter.2}% 3
\BOOKMARK [2][-]{subsection.2.1.1}{\376\377\0002\000.\0001\000.\0001\000\040\000T\000y\000p\000e\000d\000e\000f\000\040\000D\000o\000c\000u\000m\000e\000n\000t\000a\000t\000i\000o\000n}{section.2.1}% 4
\BOOKMARK [3][-]{subsubsection.2.1.1.1}{\376\377\0002\000.\0001\000.\0001\000.\0001\000\040\000E\000v\000e\000n\000t\000I\000t\000e\000r\000a\000t\000o\000r}{subsection.2.1.1}% 5
\BOOKMARK [3][-]{subsubsection.2.1.1.2}{\376\377\0002\000.\0001\000.\0001\000.\0002\000\040\000E\000v\000e\000n\000t\000V\000e\000c\000t\000o\000r}{subsection.2.1.1}% 6
\BOOKMARK [3][-]{subsubsection.2.1.1.3}{\376\377\0002\000.\0001\000.\0001\000.\0003\000\040\000S\000p\000e\000c\000i\000e\000s\000I\000t\000e\000r\000a\000t\000o\000r}{subsection.2.1.1}% 7
\BOOKMARK [3][-]{subsubsection.2.1.1.4}{\376\377\0002\000.\0001\000.\0001\000.\0004\000\040\000S\000p\000e\000c\000i\000e\000s\000V\000e\000c\000t\000o\000r}{subsection.2.1.1}% 8
\BOOKMARK [3][-]{subsubsection.2.1.1.5}{\376\377\0002\000.\0001\000.\0001\000.\0005\000\040\000V\000o\000x\000e\000l\000I\000t\000e\000r\000a\000t\000o\000r}{subsection.2.1.1}% 9
\BOOKMARK [3][-]{subsubsection.2.1.1.6}{\376\377\0002\000.\0001\000.\0001\000.\0006\000\040\000V\000o\000x\000e\000l\000V\000e\000c\000t\000o\000r}{subsection.2.1.1}% 10
\BOOKMARK [2][-]{subsection.2.1.2}{\376\377\0002\000.\0001\000.\0002\000\040\000V\000a\000r\000i\000a\000b\000l\000e\000\040\000D\000o\000c\000u\000m\000e\000n\000t\000a\000t\000i\000o\000n}{section.2.1}% 11
\BOOKMARK [3][-]{subsubsection.2.1.2.1}{\376\377\0002\000.\0001\000.\0002\000.\0001\000\040\000N\000\137\000A\000V\000O}{subsection.2.1.2}% 12
\BOOKMARK [3][-]{subsubsection.2.1.2.2}{\376\377\0002\000.\0001\000.\0002\000.\0002\000\040\000N\000E\000G\000A\000T\000I\000V\000E\000T\000A\000U\000M\000S\000G}{subsection.2.1.2}% 13
\BOOKMARK [0][-]{chapter.3}{\376\377\0003\000\040\000C\000l\000a\000s\000s\000\040\000D\000o\000c\000u\000m\000e\000n\000t\000a\000t\000i\000o\000n}{}% 14
\BOOKMARK [1][-]{section.3.1}{\376\377\0003\000.\0001\000\040\000n\000w\000:\000:\000\137\000E\000v\000e\000n\000t\000\040\000C\000l\000a\000s\000s\000\040\000R\000e\000f\000e\000r\000e\000n\000c\000e}{chapter.3}% 15
\BOOKMARK [2][-]{subsection.3.1.1}{\376\377\0003\000.\0001\000.\0001\000\040\000D\000e\000t\000a\000i\000l\000e\000d\000\040\000D\000e\000s\000c\000r\000i\000p\000t\000i\000o\000n}{section.3.1}% 16
\BOOKMARK [2][-]{subsection.3.1.2}{\376\377\0003\000.\0001\000.\0002\000\040\000C\000o\000n\000s\000t\000r\000u\000c\000t\000o\000r\000\040\000\046\000\040\000D\000e\000s\000t\000r\000u\000c\000t\000o\000r\000\040\000D\000o\000c\000u\000m\000e\000n\000t\000a\000t\000i\000o\000n}{section.3.1}% 17
\BOOKMARK [3][-]{subsubsection.3.1.2.1}{\376\377\0003\000.\0001\000.\0002\000.\0001\000\040\000\137\000E\000v\000e\000n\000t}{subsection.3.1.2}% 18
\BOOKMARK [3][-]{subsubsection.3.1.2.2}{\376\377\0003\000.\0001\000.\0002\000.\0002\000\040\000\137\000E\000v\000e\000n\000t}{subsection.3.1.2}% 19
\BOOKMARK [2][-]{subsection.3.1.3}{\376\377\0003\000.\0001\000.\0003\000\040\000M\000e\000m\000b\000e\000r\000\040\000F\000u\000n\000c\000t\000i\000o\000n\000\040\000D\000o\000c\000u\000m\000e\000n\000t\000a\000t\000i\000o\000n}{section.3.1}% 20
\BOOKMARK [3][-]{subsubsection.3.1.3.1}{\376\377\0003\000.\0001\000.\0003\000.\0001\000\040\000a\000d\000d\000\137\000d\000e\000p\000\137\000l\000i\000s\000t}{subsection.3.1.3}% 21
\BOOKMARK [3][-]{subsubsection.3.1.3.2}{\376\377\0003\000.\0001\000.\0003\000.\0002\000\040\000e\000x\000e\000c\000u\000t\000e}{subsection.3.1.3}% 22
\BOOKMARK [3][-]{subsubsection.3.1.3.3}{\376\377\0003\000.\0001\000.\0003\000.\0003\000\040\000g\000e\000t\000\137\000a}{subsection.3.1.3}% 23
\BOOKMARK [3][-]{subsubsection.3.1.3.4}{\376\377\0003\000.\0001\000.\0003\000.\0004\000\040\000g\000e\000t\000\137\000d\000e\000p\000\137\000l\000i\000s\000t}{subsection.3.1.3}% 24
\BOOKMARK [3][-]{subsubsection.3.1.3.5}{\376\377\0003\000.\0001\000.\0003\000.\0005\000\040\000g\000e\000t\000\137\000i\000d}{subsection.3.1.3}% 25
\BOOKMARK [3][-]{subsubsection.3.1.3.6}{\376\377\0003\000.\0001\000.\0003\000.\0006\000\040\000g\000e\000t\000\137\000n\000a\000m\000e}{subsection.3.1.3}% 26
\BOOKMARK [3][-]{subsubsection.3.1.3.7}{\376\377\0003\000.\0001\000.\0003\000.\0007\000\040\000g\000e\000t\000\137\000s\000c\000\137\000v\000e\000c}{subsection.3.1.3}% 27
\BOOKMARK [3][-]{subsubsection.3.1.3.8}{\376\377\0003\000.\0001\000.\0003\000.\0008\000\040\000g\000e\000t\000\137\000t\000a\000u}{subsection.3.1.3}% 28
\BOOKMARK [3][-]{subsubsection.3.1.3.9}{\376\377\0003\000.\0001\000.\0003\000.\0009\000\040\000i\000n\000i\000t}{subsection.3.1.3}% 29
\BOOKMARK [3][-]{subsubsection.3.1.3.10}{\376\377\0003\000.\0001\000.\0003\000.\0001\0000\000\040\000s\000e\000t\000\137\000f\000l\000a\000g}{subsection.3.1.3}% 30
\BOOKMARK [3][-]{subsubsection.3.1.3.11}{\376\377\0003\000.\0001\000.\0003\000.\0001\0001\000\040\000u\000p\000d\000a\000t\000e}{subsection.3.1.3}% 31
\BOOKMARK [2][-]{subsection.3.1.4}{\376\377\0003\000.\0001\000.\0004\000\040\000M\000e\000m\000b\000e\000r\000\040\000D\000a\000t\000a\000\040\000D\000o\000c\000u\000m\000e\000n\000t\000a\000t\000i\000o\000n}{section.3.1}% 32
\BOOKMARK [3][-]{subsubsection.3.1.4.1}{\376\377\0003\000.\0001\000.\0004\000.\0001\000\040\000c}{subsection.3.1.4}% 33
\BOOKMARK [3][-]{subsubsection.3.1.4.2}{\376\377\0003\000.\0001\000.\0004\000.\0002\000\040\000d\000e\000p\000\137\000l\000i\000s\000t}{subsection.3.1.4}% 34
\BOOKMARK [3][-]{subsubsection.3.1.4.3}{\376\377\0003\000.\0001\000.\0004\000.\0003\000\040\000d\000i\000r\000t\000y\000\137\000f\000l\000a\000g}{subsection.3.1.4}% 35
\BOOKMARK [3][-]{subsubsection.3.1.4.4}{\376\377\0003\000.\0001\000.\0004\000.\0004\000\040\000i\000d}{subsection.3.1.4}% 36
\BOOKMARK [3][-]{subsubsection.3.1.4.5}{\376\377\0003\000.\0001\000.\0004\000.\0005\000\040\000k}{subsection.3.1.4}% 37
\BOOKMARK [3][-]{subsubsection.3.1.4.6}{\376\377\0003\000.\0001\000.\0004\000.\0006\000\040\000n\000a\000m\000e}{subsection.3.1.4}% 38
\BOOKMARK [3][-]{subsubsection.3.1.4.7}{\376\377\0003\000.\0001\000.\0004\000.\0007\000\040\000n\000e\000x\000t\000V\000o\000x\000e\000l}{subsection.3.1.4}% 39
\BOOKMARK [3][-]{subsubsection.3.1.4.8}{\376\377\0003\000.\0001\000.\0004\000.\0008\000\040\000r\000g}{subsection.3.1.4}% 40
\BOOKMARK [3][-]{subsubsection.3.1.4.9}{\376\377\0003\000.\0001\000.\0004\000.\0009\000\040\000s\000c\000\137\000v\000e\000c}{subsection.3.1.4}% 41
\BOOKMARK [3][-]{subsubsection.3.1.4.10}{\376\377\0003\000.\0001\000.\0004\000.\0001\0000\000\040\000t\000v\000\137\000v\000e\000c}{subsection.3.1.4}% 42
\BOOKMARK [1][-]{section.3.2}{\376\377\0003\000.\0002\000\040\000n\000w\000:\000:\000\137\000I\000n\000p\000u\000t\000\040\000C\000l\000a\000s\000s\000\040\000R\000e\000f\000e\000r\000e\000n\000c\000e}{chapter.3}% 43
\BOOKMARK [2][-]{subsection.3.2.1}{\376\377\0003\000.\0002\000.\0001\000\040\000D\000e\000t\000a\000i\000l\000e\000d\000\040\000D\000e\000s\000c\000r\000i\000p\000t\000i\000o\000n}{section.3.2}% 44
\BOOKMARK [2][-]{subsection.3.2.2}{\376\377\0003\000.\0002\000.\0002\000\040\000C\000o\000n\000s\000t\000r\000u\000c\000t\000o\000r\000\040\000\046\000\040\000D\000e\000s\000t\000r\000u\000c\000t\000o\000r\000\040\000D\000o\000c\000u\000m\000e\000n\000t\000a\000t\000i\000o\000n}{section.3.2}% 45
\BOOKMARK [3][-]{subsubsection.3.2.2.1}{\376\377\0003\000.\0002\000.\0002\000.\0001\000\040\000\137\000I\000n\000p\000u\000t}{subsection.3.2.2}% 46
\BOOKMARK [2][-]{subsection.3.2.3}{\376\377\0003\000.\0002\000.\0003\000\040\000M\000e\000m\000b\000e\000r\000\040\000F\000u\000n\000c\000t\000i\000o\000n\000\040\000D\000o\000c\000u\000m\000e\000n\000t\000a\000t\000i\000o\000n}{section.3.2}% 47
\BOOKMARK [3][-]{subsubsection.3.2.3.1}{\376\377\0003\000.\0002\000.\0003\000.\0001\000\040\000g\000e\000t\000\137\000S\000y\000s\000t\000e\000m}{subsection.3.2.3}% 48
\BOOKMARK [2][-]{subsection.3.2.4}{\376\377\0003\000.\0002\000.\0004\000\040\000M\000e\000m\000b\000e\000r\000\040\000D\000a\000t\000a\000\040\000D\000o\000c\000u\000m\000e\000n\000t\000a\000t\000i\000o\000n}{section.3.2}% 49
\BOOKMARK [3][-]{subsubsection.3.2.4.1}{\376\377\0003\000.\0002\000.\0004\000.\0001\000\040\000s}{subsection.3.2.4}% 50
\BOOKMARK [1][-]{section.3.3}{\376\377\0003\000.\0003\000\040\000n\000w\000:\000:\000\137\000R\000a\000n\000d\000o\000m\000\040\000C\000l\000a\000s\000s\000\040\000R\000e\000f\000e\000r\000e\000n\000c\000e}{chapter.3}% 51
\BOOKMARK [2][-]{subsection.3.3.1}{\376\377\0003\000.\0003\000.\0001\000\040\000D\000e\000t\000a\000i\000l\000e\000d\000\040\000D\000e\000s\000c\000r\000i\000p\000t\000i\000o\000n}{section.3.3}% 52
\BOOKMARK [2][-]{subsection.3.3.2}{\376\377\0003\000.\0003\000.\0002\000\040\000C\000o\000n\000s\000t\000r\000u\000c\000t\000o\000r\000\040\000\046\000\040\000D\000e\000s\000t\000r\000u\000c\000t\000o\000r\000\040\000D\000o\000c\000u\000m\000e\000n\000t\000a\000t\000i\000o\000n}{section.3.3}% 53
\BOOKMARK [3][-]{subsubsection.3.3.2.1}{\376\377\0003\000.\0003\000.\0002\000.\0001\000\040\000\137\000R\000a\000n\000d\000o\000m}{subsection.3.3.2}% 54
\BOOKMARK [2][-]{subsection.3.3.3}{\376\377\0003\000.\0003\000.\0003\000\040\000M\000e\000m\000b\000e\000r\000\040\000F\000u\000n\000c\000t\000i\000o\000n\000\040\000D\000o\000c\000u\000m\000e\000n\000t\000a\000t\000i\000o\000n}{section.3.3}% 55
\BOOKMARK [3][-]{subsubsection.3.3.3.1}{\376\377\0003\000.\0003\000.\0003\000.\0001\000\040\000g\000e\000t\000\137\000U\000n\000i\000\137\000R\000n\000d}{subsection.3.3.3}% 56
\BOOKMARK [2][-]{subsection.3.3.4}{\376\377\0003\000.\0003\000.\0004\000\040\000M\000e\000m\000b\000e\000r\000\040\000D\000a\000t\000a\000\040\000D\000o\000c\000u\000m\000e\000n\000t\000a\000t\000i\000o\000n}{section.3.3}% 57
\BOOKMARK [3][-]{subsubsection.3.3.4.1}{\376\377\0003\000.\0003\000.\0004\000.\0001\000\040\000r}{subsection.3.3.4}% 58
\BOOKMARK [1][-]{section.3.4}{\376\377\0003\000.\0004\000\040\000n\000w\000:\000:\000\137\000S\000p\000e\000c\000i\000e\000s\000\040\000C\000l\000a\000s\000s\000\040\000R\000e\000f\000e\000r\000e\000n\000c\000e}{chapter.3}% 59
\BOOKMARK [2][-]{subsection.3.4.1}{\376\377\0003\000.\0004\000.\0001\000\040\000D\000e\000t\000a\000i\000l\000e\000d\000\040\000D\000e\000s\000c\000r\000i\000p\000t\000i\000o\000n}{section.3.4}% 60
\BOOKMARK [2][-]{subsection.3.4.2}{\376\377\0003\000.\0004\000.\0002\000\040\000C\000o\000n\000s\000t\000r\000u\000c\000t\000o\000r\000\040\000\046\000\040\000D\000e\000s\000t\000r\000u\000c\000t\000o\000r\000\040\000D\000o\000c\000u\000m\000e\000n\000t\000a\000t\000i\000o\000n}{section.3.4}% 61
\BOOKMARK [3][-]{subsubsection.3.4.2.1}{\376\377\0003\000.\0004\000.\0002\000.\0001\000\040\000\137\000S\000p\000e\000c\000i\000e\000s}{subsection.3.4.2}% 62
\BOOKMARK [3][-]{subsubsection.3.4.2.2}{\376\377\0003\000.\0004\000.\0002\000.\0002\000\040\000\137\000S\000p\000e\000c\000i\000e\000s}{subsection.3.4.2}% 63
\BOOKMARK [2][-]{subsection.3.4.3}{\376\377\0003\000.\0004\000.\0003\000\040\000M\000e\000m\000b\000e\000r\000\040\000F\000u\000n\000c\000t\000i\000o\000n\000\040\000D\000o\000c\000u\000m\000e\000n\000t\000a\000t\000i\000o\000n}{section.3.4}% 64
\BOOKMARK [3][-]{subsubsection.3.4.3.1}{\376\377\0003\000.\0004\000.\0003\000.\0001\000\040\000c\000o\000p\000y}{subsection.3.4.3}% 65
\BOOKMARK [3][-]{subsubsection.3.4.3.2}{\376\377\0003\000.\0004\000.\0003\000.\0002\000\040\000g\000e\000t\000\137\000d\000i\000r\000t\000y\000\137\000f\000l\000a\000g}{subsection.3.4.3}% 66
\BOOKMARK [3][-]{subsubsection.3.4.3.3}{\376\377\0003\000.\0004\000.\0003\000.\0003\000\040\000g\000e\000t\000\137\000i\000d}{subsection.3.4.3}% 67
\BOOKMARK [3][-]{subsubsection.3.4.3.4}{\376\377\0003\000.\0004\000.\0003\000.\0004\000\040\000g\000e\000t\000\137\000i\000n\000i\000t\000i\000a\000l\000\137\000c\000o\000n\000c}{subsection.3.4.3}% 68
\BOOKMARK [3][-]{subsubsection.3.4.3.5}{\376\377\0003\000.\0004\000.\0003\000.\0005\000\040\000g\000e\000t\000\137\000n\000\137\000m\000o\000l\000e\000c\000u\000l\000e\000s}{subsection.3.4.3}% 69
\BOOKMARK [3][-]{subsubsection.3.4.3.6}{\376\377\0003\000.\0004\000.\0003\000.\0006\000\040\000g\000e\000t\000\137\000n\000a\000m\000e}{subsection.3.4.3}% 70
\BOOKMARK [3][-]{subsubsection.3.4.3.7}{\376\377\0003\000.\0004\000.\0003\000.\0007\000\040\000m\000o\000d\000\137\000n\000\137\000m\000o\000l\000e\000c\000u\000l\000e\000s}{subsection.3.4.3}% 71
\BOOKMARK [3][-]{subsubsection.3.4.3.8}{\376\377\0003\000.\0004\000.\0003\000.\0008\000\040\000s\000e\000t\000\137\000d\000i\000r\000t\000y\000\137\000f\000l\000a\000g}{subsection.3.4.3}% 72
\BOOKMARK [3][-]{subsubsection.3.4.3.9}{\376\377\0003\000.\0004\000.\0003\000.\0009\000\040\000s\000e\000t\000\137\000n\000\137\000m\000o\000l\000e\000c\000u\000l\000e\000s}{subsection.3.4.3}% 73
\BOOKMARK [2][-]{subsection.3.4.4}{\376\377\0003\000.\0004\000.\0004\000\040\000M\000e\000m\000b\000e\000r\000\040\000D\000a\000t\000a\000\040\000D\000o\000c\000u\000m\000e\000n\000t\000a\000t\000i\000o\000n}{section.3.4}% 74
\BOOKMARK [3][-]{subsubsection.3.4.4.1}{\376\377\0003\000.\0004\000.\0004\000.\0001\000\040\000d\000i\000r\000t\000y\000\137\000f\000l\000a\000g}{subsection.3.4.4}% 75
\BOOKMARK [3][-]{subsubsection.3.4.4.2}{\376\377\0003\000.\0004\000.\0004\000.\0002\000\040\000i\000d}{subsection.3.4.4}% 76
\BOOKMARK [3][-]{subsubsection.3.4.4.3}{\376\377\0003\000.\0004\000.\0004\000.\0003\000\040\000i\000n\000i\000t\000i\000a\000l\000\137\000c\000o\000n\000c}{subsection.3.4.4}% 77
\BOOKMARK [3][-]{subsubsection.3.4.4.4}{\376\377\0003\000.\0004\000.\0004\000.\0004\000\040\000n\000\137\000m\000o\000l\000e\000c\000u\000l\000e\000s}{subsection.3.4.4}% 78
\BOOKMARK [3][-]{subsubsection.3.4.4.5}{\376\377\0003\000.\0004\000.\0004\000.\0005\000\040\000n\000a\000m\000e}{subsection.3.4.4}% 79
\BOOKMARK [3][-]{subsubsection.3.4.4.6}{\376\377\0003\000.\0004\000.\0004\000.\0006\000\040\000v\000o\000l\000u\000m\000e}{subsection.3.4.4}% 80
\BOOKMARK [1][-]{section.3.5}{\376\377\0003\000.\0005\000\040\000n\000w\000:\000:\000\137\000S\000y\000s\000t\000e\000m\000\040\000C\000l\000a\000s\000s\000\040\000R\000e\000f\000e\000r\000e\000n\000c\000e}{chapter.3}% 81
\BOOKMARK [2][-]{subsection.3.5.1}{\376\377\0003\000.\0005\000.\0001\000\040\000D\000e\000t\000a\000i\000l\000e\000d\000\040\000D\000e\000s\000c\000r\000i\000p\000t\000i\000o\000n}{section.3.5}% 82
\BOOKMARK [2][-]{subsection.3.5.2}{\376\377\0003\000.\0005\000.\0002\000\040\000C\000o\000n\000s\000t\000r\000u\000c\000t\000o\000r\000\040\000\046\000\040\000D\000e\000s\000t\000r\000u\000c\000t\000o\000r\000\040\000D\000o\000c\000u\000m\000e\000n\000t\000a\000t\000i\000o\000n}{section.3.5}% 83
\BOOKMARK [3][-]{subsubsection.3.5.2.1}{\376\377\0003\000.\0005\000.\0002\000.\0001\000\040\000\137\000S\000y\000s\000t\000e\000m}{subsection.3.5.2}% 84
\BOOKMARK [3][-]{subsubsection.3.5.2.2}{\376\377\0003\000.\0005\000.\0002\000.\0002\000\040\000\137\000S\000y\000s\000t\000e\000m}{subsection.3.5.2}% 85
\BOOKMARK [2][-]{subsection.3.5.3}{\376\377\0003\000.\0005\000.\0003\000\040\000M\000e\000m\000b\000e\000r\000\040\000F\000u\000n\000c\000t\000i\000o\000n\000\040\000D\000o\000c\000u\000m\000e\000n\000t\000a\000t\000i\000o\000n}{section.3.5}% 86
\BOOKMARK [3][-]{subsubsection.3.5.3.1}{\376\377\0003\000.\0005\000.\0003\000.\0001\000\040\000g\000o}{subsection.3.5.3}% 87
\BOOKMARK [1][-]{section.3.6}{\376\377\0003\000.\0006\000\040\000n\000w\000:\000:\000\137\000V\000o\000x\000e\000l\000\040\000C\000l\000a\000s\000s\000\040\000R\000e\000f\000e\000r\000e\000n\000c\000e}{chapter.3}% 88
\BOOKMARK [2][-]{subsection.3.6.1}{\376\377\0003\000.\0006\000.\0001\000\040\000D\000e\000t\000a\000i\000l\000e\000d\000\040\000D\000e\000s\000c\000r\000i\000p\000t\000i\000o\000n}{section.3.6}% 89
\BOOKMARK [2][-]{subsection.3.6.2}{\376\377\0003\000.\0006\000.\0002\000\040\000C\000o\000n\000s\000t\000r\000u\000c\000t\000o\000r\000\040\000\046\000\040\000D\000e\000s\000t\000r\000u\000c\000t\000o\000r\000\040\000D\000o\000c\000u\000m\000e\000n\000t\000a\000t\000i\000o\000n}{section.3.6}% 90
\BOOKMARK [3][-]{subsubsection.3.6.2.1}{\376\377\0003\000.\0006\000.\0002\000.\0001\000\040\000\137\000V\000o\000x\000e\000l}{subsection.3.6.2}% 91
\BOOKMARK [3][-]{subsubsection.3.6.2.2}{\376\377\0003\000.\0006\000.\0002\000.\0002\000\040\000\137\000V\000o\000x\000e\000l}{subsection.3.6.2}% 92
\BOOKMARK [2][-]{subsection.3.6.3}{\376\377\0003\000.\0006\000.\0003\000\040\000M\000e\000m\000b\000e\000r\000\040\000F\000u\000n\000c\000t\000i\000o\000n\000\040\000D\000o\000c\000u\000m\000e\000n\000t\000a\000t\000i\000o\000n}{section.3.6}% 93
\BOOKMARK [3][-]{subsubsection.3.6.3.1}{\376\377\0003\000.\0006\000.\0003\000.\0001\000\040\000a\000d\000d\000\137\000n\000e\000i\000g\000h\000b\000o\000u\000r}{subsection.3.6.3}% 94
\BOOKMARK [3][-]{subsubsection.3.6.3.2}{\376\377\0003\000.\0006\000.\0003\000.\0002\000\040\000c\000l\000e\000a\000n}{subsection.3.6.3}% 95
\BOOKMARK [3][-]{subsubsection.3.6.3.3}{\376\377\0003\000.\0006\000.\0003\000.\0003\000\040\000g\000e\000t\000\137\000b\000o\000x\000\137\000l\000e\000n\000g\000t\000h}{subsection.3.6.3}% 96
\BOOKMARK [3][-]{subsubsection.3.6.3.4}{\376\377\0003\000.\0006\000.\0003\000.\0004\000\040\000g\000e\000t\000\137\000d\000i\000f\000f\000\137\000v\000e\000c}{subsection.3.6.3}% 97
\BOOKMARK [3][-]{subsubsection.3.6.3.5}{\376\377\0003\000.\0006\000.\0003\000.\0005\000\040\000g\000e\000t\000\137\000d\000i\000r\000t\000y\000\137\000f\000l\000a\000g}{subsection.3.6.3}% 98
\BOOKMARK [3][-]{subsubsection.3.6.3.6}{\376\377\0003\000.\0006\000.\0003\000.\0006\000\040\000g\000e\000t\000\137\000i\000d}{subsection.3.6.3}% 99
\BOOKMARK [3][-]{subsubsection.3.6.3.7}{\376\377\0003\000.\0006\000.\0003\000.\0007\000\040\000g\000e\000t\000\137\000s\000t\000a\000t\000e\000\137\000v\000e\000c}{subsection.3.6.3}% 100
\BOOKMARK [3][-]{subsubsection.3.6.3.8}{\376\377\0003\000.\0006\000.\0003\000.\0008\000\040\000g\000e\000t\000\137\000v\000o\000l\000u\000m\000e}{subsection.3.6.3}% 101
\BOOKMARK [3][-]{subsubsection.3.6.3.9}{\376\377\0003\000.\0006\000.\0003\000.\0009\000\040\000u\000p\000d\000a\000t\000e\000\137\000s\000t\000a\000t\000e}{subsection.3.6.3}% 102
\BOOKMARK [2][-]{subsection.3.6.4}{\376\377\0003\000.\0006\000.\0004\000\040\000M\000e\000m\000b\000e\000r\000\040\000D\000a\000t\000a\000\040\000D\000o\000c\000u\000m\000e\000n\000t\000a\000t\000i\000o\000n}{section.3.6}% 103
\BOOKMARK [3][-]{subsubsection.3.6.4.1}{\376\377\0003\000.\0006\000.\0004\000.\0001\000\040\000b\000o\000x\000\137\000l\000e\000n\000g\000t\000h}{subsection.3.6.4}% 104
\BOOKMARK [3][-]{subsubsection.3.6.4.2}{\376\377\0003\000.\0006\000.\0004\000.\0002\000\040\000d\000i\000f\000f\000\137\000v\000e\000c}{subsection.3.6.4}% 105
\BOOKMARK [3][-]{subsubsection.3.6.4.3}{\376\377\0003\000.\0006\000.\0004\000.\0003\000\040\000d\000i\000r\000t\000y\000\137\000f\000l\000a\000g}{subsection.3.6.4}% 106
\BOOKMARK [3][-]{subsubsection.3.6.4.4}{\376\377\0003\000.\0006\000.\0004\000.\0004\000\040\000i\000d}{subsection.3.6.4}% 107
\BOOKMARK [3][-]{subsubsection.3.6.4.5}{\376\377\0003\000.\0006\000.\0004\000.\0005\000\040\000s\000t\000a\000t\000e\000\137\000v\000e\000c}{subsection.3.6.4}% 108
\BOOKMARK [3][-]{subsubsection.3.6.4.6}{\376\377\0003\000.\0006\000.\0004\000.\0006\000\040\000v\000o\000l\000u\000m\000e}{subsection.3.6.4}% 109
\BOOKMARK [1][-]{section.3.7}{\376\377\0003\000.\0007\000\040\000n\000w\000:\000:\000B\000o\000r\000d\000e\000r\000\137\000V\000x\000l\000\040\000C\000l\000a\000s\000s\000\040\000R\000e\000f\000e\000r\000e\000n\000c\000e}{chapter.3}% 110
\BOOKMARK [2][-]{subsection.3.7.1}{\376\377\0003\000.\0007\000.\0001\000\040\000D\000e\000t\000a\000i\000l\000e\000d\000\040\000D\000e\000s\000c\000r\000i\000p\000t\000i\000o\000n}{section.3.7}% 111
\BOOKMARK [2][-]{subsection.3.7.2}{\376\377\0003\000.\0007\000.\0002\000\040\000C\000o\000n\000s\000t\000r\000u\000c\000t\000o\000r\000\040\000\046\000\040\000D\000e\000s\000t\000r\000u\000c\000t\000o\000r\000\040\000D\000o\000c\000u\000m\000e\000n\000t\000a\000t\000i\000o\000n}{section.3.7}% 112
\BOOKMARK [3][-]{subsubsection.3.7.2.1}{\376\377\0003\000.\0007\000.\0002\000.\0001\000\040\000B\000o\000r\000d\000e\000r\000\137\000V\000x\000l}{subsection.3.7.2}% 113
\BOOKMARK [3][-]{subsubsection.3.7.2.2}{\376\377\0003\000.\0007\000.\0002\000.\0002\000\040\000B\000o\000r\000d\000e\000r\000\137\000V\000x\000l}{subsection.3.7.2}% 114
\BOOKMARK [2][-]{subsection.3.7.3}{\376\377\0003\000.\0007\000.\0003\000\040\000M\000e\000m\000b\000e\000r\000\040\000F\000u\000n\000c\000t\000i\000o\000n\000\040\000D\000o\000c\000u\000m\000e\000n\000t\000a\000t\000i\000o\000n}{section.3.7}% 115
\BOOKMARK [3][-]{subsubsection.3.7.3.1}{\376\377\0003\000.\0007\000.\0003\000.\0001\000\040\000u\000p\000d\000a\000t\000e\000\137\000s\000t\000a\000t\000e}{subsection.3.7.3}% 116
\BOOKMARK [1][-]{section.3.8}{\376\377\0003\000.\0008\000\040\000n\000w\000:\000:\000C\000h\000a\000n\000n\000e\000l\000\137\000S\000p\000c\000\040\000C\000l\000a\000s\000s\000\040\000R\000e\000f\000e\000r\000e\000n\000c\000e}{chapter.3}% 117
\BOOKMARK [2][-]{subsection.3.8.1}{\376\377\0003\000.\0008\000.\0001\000\040\000D\000e\000t\000a\000i\000l\000e\000d\000\040\000D\000e\000s\000c\000r\000i\000p\000t\000i\000o\000n}{section.3.8}% 118
\BOOKMARK [2][-]{subsection.3.8.2}{\376\377\0003\000.\0008\000.\0002\000\040\000C\000o\000n\000s\000t\000r\000u\000c\000t\000o\000r\000\040\000\046\000\040\000D\000e\000s\000t\000r\000u\000c\000t\000o\000r\000\040\000D\000o\000c\000u\000m\000e\000n\000t\000a\000t\000i\000o\000n}{section.3.8}% 119
\BOOKMARK [3][-]{subsubsection.3.8.2.1}{\376\377\0003\000.\0008\000.\0002\000.\0001\000\040\000C\000h\000a\000n\000n\000e\000l\000\137\000S\000p\000c}{subsection.3.8.2}% 120
\BOOKMARK [3][-]{subsubsection.3.8.2.2}{\376\377\0003\000.\0008\000.\0002\000.\0002\000\040\000C\000h\000a\000n\000n\000e\000l\000\137\000S\000p\000c}{subsection.3.8.2}% 121
\BOOKMARK [2][-]{subsection.3.8.3}{\376\377\0003\000.\0008\000.\0003\000\040\000M\000e\000m\000b\000e\000r\000\040\000F\000u\000n\000c\000t\000i\000o\000n\000\040\000D\000o\000c\000u\000m\000e\000n\000t\000a\000t\000i\000o\000n}{section.3.8}% 122
\BOOKMARK [3][-]{subsubsection.3.8.3.1}{\376\377\0003\000.\0008\000.\0003\000.\0001\000\040\000a\000c\000t\000i\000v\000a\000t\000e\000\137\000S\000u\000b\000u\000n\000i\000t}{subsection.3.8.3}% 123
\BOOKMARK [3][-]{subsubsection.3.8.3.2}{\376\377\0003\000.\0008\000.\0003\000.\0002\000\040\000c\000o\000p\000y}{subsection.3.8.3}% 124
\BOOKMARK [3][-]{subsubsection.3.8.3.3}{\376\377\0003\000.\0008\000.\0003\000.\0003\000\040\000g\000e\000t\000\137\000n\000\137\000A\000c\000t\000i\000v\000a\000b\000l\000e\000\137\000C\000h}{subsection.3.8.3}% 125
\BOOKMARK [3][-]{subsubsection.3.8.3.4}{\376\377\0003\000.\0008\000.\0003\000.\0004\000\040\000g\000e\000t\000\137\000n\000\137\000I\000n\000a\000c\000t\000i\000v\000a\000b\000l\000e\000\137\000C\000h}{subsection.3.8.3}% 126
\BOOKMARK [3][-]{subsubsection.3.8.3.5}{\376\377\0003\000.\0008\000.\0003\000.\0005\000\040\000g\000e\000t\000\137\000n\000\137\000m\000o\000l\000e\000c\000u\000l\000e\000s}{subsection.3.8.3}% 127
\BOOKMARK [3][-]{subsubsection.3.8.3.6}{\376\377\0003\000.\0008\000.\0003\000.\0006\000\040\000i\000n\000a\000c\000t\000i\000v\000a\000t\000e\000\137\000S\000u\000b\000u\000n\000i\000t}{subsection.3.8.3}% 128
\BOOKMARK [3][-]{subsubsection.3.8.3.7}{\376\377\0003\000.\0008\000.\0003\000.\0007\000\040\000m\000o\000d\000\137\000n\000\137\000m\000o\000l\000e\000c\000u\000l\000e\000s}{subsection.3.8.3}% 129
\BOOKMARK [3][-]{subsubsection.3.8.3.8}{\376\377\0003\000.\0008\000.\0003\000.\0008\000\040\000s\000e\000t\000\137\000n\000\137\000m\000o\000l\000e\000c\000u\000l\000e\000s}{subsection.3.8.3}% 130
\BOOKMARK [2][-]{subsection.3.8.4}{\376\377\0003\000.\0008\000.\0004\000\040\000M\000e\000m\000b\000e\000r\000\040\000D\000a\000t\000a\000\040\000D\000o\000c\000u\000m\000e\000n\000t\000a\000t\000i\000o\000n}{section.3.8}% 131
\BOOKMARK [3][-]{subsubsection.3.8.4.1}{\376\377\0003\000.\0008\000.\0004\000.\0001\000\040\000c\000h\000\137\000i\000t}{subsection.3.8.4}% 132
\BOOKMARK [3][-]{subsubsection.3.8.4.2}{\376\377\0003\000.\0008\000.\0004\000.\0002\000\040\000c\000h\000\137\000V\000e\000c}{subsection.3.8.4}% 133
\BOOKMARK [3][-]{subsubsection.3.8.4.3}{\376\377\0003\000.\0008\000.\0004\000.\0003\000\040\000n\000\137\000a\000c\000t\000i\000v\000e\000\137\000C\000h}{subsection.3.8.4}% 134
\BOOKMARK [3][-]{subsubsection.3.8.4.4}{\376\377\0003\000.\0008\000.\0004\000.\0004\000\040\000n\000\137\000f\000u\000l\000l\000y\000\137\000a\000c\000t\000i\000v\000a\000t\000e\000d\000\137\000C\000h}{subsection.3.8.4}% 135
\BOOKMARK [3][-]{subsubsection.3.8.4.5}{\376\377\0003\000.\0008\000.\0004\000.\0005\000\040\000n\000\137\000f\000u\000l\000l\000y\000\137\000i\000n\000a\000c\000t\000i\000v\000a\000t\000e\000d\000\137\000C\000h}{subsection.3.8.4}% 136
\BOOKMARK [3][-]{subsubsection.3.8.4.6}{\376\377\0003\000.\0008\000.\0004\000.\0006\000\040\000n\000\137\000S\000u\000b\000u\000n\000i\000t\000s}{subsection.3.8.4}% 137
\BOOKMARK [3][-]{subsubsection.3.8.4.7}{\376\377\0003\000.\0008\000.\0004\000.\0007\000\040\000n\000\137\000S\000u\000b\000u\000n\000i\000t\000s\000\137\000T\000o\000\137\000O\000p\000e\000n}{subsection.3.8.4}% 138
\BOOKMARK [1][-]{section.3.9}{\376\377\0003\000.\0009\000\040\000n\000w\000:\000:\000C\000h\000F\000l\000u\000x\000\137\000R\000c\000t\000\137\000E\000v\000t\000\040\000C\000l\000a\000s\000s\000\040\000R\000e\000f\000e\000r\000e\000n\000c\000e}{chapter.3}% 139
\BOOKMARK [2][-]{subsection.3.9.1}{\376\377\0003\000.\0009\000.\0001\000\040\000D\000e\000t\000a\000i\000l\000e\000d\000\040\000D\000e\000s\000c\000r\000i\000p\000t\000i\000o\000n}{section.3.9}% 140
\BOOKMARK [2][-]{subsection.3.9.2}{\376\377\0003\000.\0009\000.\0002\000\040\000C\000o\000n\000s\000t\000r\000u\000c\000t\000o\000r\000\040\000\046\000\040\000D\000e\000s\000t\000r\000u\000c\000t\000o\000r\000\040\000D\000o\000c\000u\000m\000e\000n\000t\000a\000t\000i\000o\000n}{section.3.9}% 141
\BOOKMARK [3][-]{subsubsection.3.9.2.1}{\376\377\0003\000.\0009\000.\0002\000.\0001\000\040\000C\000h\000F\000l\000u\000x\000\137\000R\000c\000t\000\137\000E\000v\000t}{subsection.3.9.2}% 142
\BOOKMARK [3][-]{subsubsection.3.9.2.2}{\376\377\0003\000.\0009\000.\0002\000.\0002\000\040\000C\000h\000F\000l\000u\000x\000\137\000R\000c\000t\000\137\000E\000v\000t}{subsection.3.9.2}% 143
\BOOKMARK [2][-]{subsection.3.9.3}{\376\377\0003\000.\0009\000.\0003\000\040\000M\000e\000m\000b\000e\000r\000\040\000F\000u\000n\000c\000t\000i\000o\000n\000\040\000D\000o\000c\000u\000m\000e\000n\000t\000a\000t\000i\000o\000n}{section.3.9}% 144
\BOOKMARK [3][-]{subsubsection.3.9.3.1}{\376\377\0003\000.\0009\000.\0003\000.\0001\000\040\000c\000a\000l\000c\000\137\000t\000a\000u}{subsection.3.9.3}% 145
\BOOKMARK [3][-]{subsubsection.3.9.3.2}{\376\377\0003\000.\0009\000.\0003\000.\0002\000\040\000i\000n\000i\000t}{subsection.3.9.3}% 146
\BOOKMARK [3][-]{subsubsection.3.9.3.3}{\376\377\0003\000.\0009\000.\0003\000.\0003\000\040\000u\000p\000d\000a\000t\000e}{subsection.3.9.3}% 147
\BOOKMARK [2][-]{subsection.3.9.4}{\376\377\0003\000.\0009\000.\0004\000\040\000M\000e\000m\000b\000e\000r\000\040\000D\000a\000t\000a\000\040\000D\000o\000c\000u\000m\000e\000n\000t\000a\000t\000i\000o\000n}{section.3.9}% 148
\BOOKMARK [3][-]{subsubsection.3.9.4.1}{\376\377\0003\000.\0009\000.\0004\000.\0001\000\040\000c\000h\000\137\000s\000p\000c\000\137\000i\000d}{subsection.3.9.4}% 149
\BOOKMARK [1][-]{section.3.10}{\376\377\0003\000.\0001\0000\000\040\000n\000w\000:\000:\000D\000i\000f\000f\000u\000s\000i\000o\000n\000\137\000E\000v\000t\000\040\000C\000l\000a\000s\000s\000\040\000R\000e\000f\000e\000r\000e\000n\000c\000e}{chapter.3}% 150
\BOOKMARK [2][-]{subsection.3.10.1}{\376\377\0003\000.\0001\0000\000.\0001\000\040\000D\000e\000t\000a\000i\000l\000e\000d\000\040\000D\000e\000s\000c\000r\000i\000p\000t\000i\000o\000n}{section.3.10}% 151
\BOOKMARK [2][-]{subsection.3.10.2}{\376\377\0003\000.\0001\0000\000.\0002\000\040\000C\000o\000n\000s\000t\000r\000u\000c\000t\000o\000r\000\040\000\046\000\040\000D\000e\000s\000t\000r\000u\000c\000t\000o\000r\000\040\000D\000o\000c\000u\000m\000e\000n\000t\000a\000t\000i\000o\000n}{section.3.10}% 152
\BOOKMARK [3][-]{subsubsection.3.10.2.1}{\376\377\0003\000.\0001\0000\000.\0002\000.\0001\000\040\000D\000i\000f\000f\000u\000s\000i\000o\000n\000\137\000E\000v\000t}{subsection.3.10.2}% 153
\BOOKMARK [3][-]{subsubsection.3.10.2.2}{\376\377\0003\000.\0001\0000\000.\0002\000.\0002\000\040\000D\000i\000f\000f\000u\000s\000i\000o\000n\000\137\000E\000v\000t}{subsection.3.10.2}% 154
\BOOKMARK [2][-]{subsection.3.10.3}{\376\377\0003\000.\0001\0000\000.\0003\000\040\000M\000e\000m\000b\000e\000r\000\040\000F\000u\000n\000c\000t\000i\000o\000n\000\040\000D\000o\000c\000u\000m\000e\000n\000t\000a\000t\000i\000o\000n}{section.3.10}% 155
\BOOKMARK [3][-]{subsubsection.3.10.3.1}{\376\377\0003\000.\0001\0000\000.\0003\000.\0001\000\040\000b\000u\000i\000l\000d\000\137\000s\000c\000\137\000v\000e\000c}{subsection.3.10.3}% 156
\BOOKMARK [3][-]{subsubsection.3.10.3.2}{\376\377\0003\000.\0001\0000\000.\0003\000.\0002\000\040\000c\000a\000l\000c\000\137\000t\000a\000u}{subsection.3.10.3}% 157
\BOOKMARK [3][-]{subsubsection.3.10.3.3}{\376\377\0003\000.\0001\0000\000.\0003\000.\0003\000\040\000e\000x\000e\000c\000u\000t\000e}{subsection.3.10.3}% 158
\BOOKMARK [3][-]{subsubsection.3.10.3.4}{\376\377\0003\000.\0001\0000\000.\0003\000.\0004\000\040\000g\000e\000t\000\137\000a}{subsection.3.10.3}% 159
\BOOKMARK [3][-]{subsubsection.3.10.3.5}{\376\377\0003\000.\0001\0000\000.\0003\000.\0005\000\040\000i\000n\000i\000t}{subsection.3.10.3}% 160
\BOOKMARK [3][-]{subsubsection.3.10.3.6}{\376\377\0003\000.\0001\0000\000.\0003\000.\0006\000\040\000u\000p\000d\000a\000t\000e}{subsection.3.10.3}% 161
\BOOKMARK [2][-]{subsection.3.10.4}{\376\377\0003\000.\0001\0000\000.\0004\000\040\000M\000e\000m\000b\000e\000r\000\040\000D\000a\000t\000a\000\040\000D\000o\000c\000u\000m\000e\000n\000t\000a\000t\000i\000o\000n}{section.3.10}% 162
\BOOKMARK [3][-]{subsubsection.3.10.4.1}{\376\377\0003\000.\0001\0000\000.\0004\000.\0001\000\040\000d\000i\000f\000f\000\137\000s\000p\000e\000c\000\137\000i\000d}{subsection.3.10.4}% 163
\BOOKMARK [3][-]{subsubsection.3.10.4.2}{\376\377\0003\000.\0001\0000\000.\0004\000.\0002\000\040\000i\000n\000v\000\137\000s\000c\000\137\000v\000e\000c}{subsection.3.10.4}% 164
\BOOKMARK [1][-]{section.3.11}{\376\377\0003\000.\0001\0001\000\040\000n\000w\000:\000:\000G\000i\000l\000l\000e\000s\000p\000i\000e\000\137\000S\000y\000s\000\040\000C\000l\000a\000s\000s\000\040\000R\000e\000f\000e\000r\000e\000n\000c\000e}{chapter.3}% 165
\BOOKMARK [2][-]{subsection.3.11.1}{\376\377\0003\000.\0001\0001\000.\0001\000\040\000D\000e\000t\000a\000i\000l\000e\000d\000\040\000D\000e\000s\000c\000r\000i\000p\000t\000i\000o\000n}{section.3.11}% 166
\BOOKMARK [2][-]{subsection.3.11.2}{\376\377\0003\000.\0001\0001\000.\0002\000\040\000C\000o\000n\000s\000t\000r\000u\000c\000t\000o\000r\000\040\000\046\000\040\000D\000e\000s\000t\000r\000u\000c\000t\000o\000r\000\040\000D\000o\000c\000u\000m\000e\000n\000t\000a\000t\000i\000o\000n}{section.3.11}% 167
\BOOKMARK [3][-]{subsubsection.3.11.2.1}{\376\377\0003\000.\0001\0001\000.\0002\000.\0001\000\040\000G\000i\000l\000l\000e\000s\000p\000i\000e\000\137\000S\000y\000s}{subsection.3.11.2}% 168
\BOOKMARK [3][-]{subsubsection.3.11.2.2}{\376\377\0003\000.\0001\0001\000.\0002\000.\0002\000\040\000G\000i\000l\000l\000e\000s\000p\000i\000e\000\137\000S\000y\000s}{subsection.3.11.2}% 169
\BOOKMARK [2][-]{subsection.3.11.3}{\376\377\0003\000.\0001\0001\000.\0003\000\040\000M\000e\000m\000b\000e\000r\000\040\000F\000u\000n\000c\000t\000i\000o\000n\000\040\000D\000o\000c\000u\000m\000e\000n\000t\000a\000t\000i\000o\000n}{section.3.11}% 170
\BOOKMARK [3][-]{subsubsection.3.11.3.1}{\376\377\0003\000.\0001\0001\000.\0003\000.\0001\000\040\000b\000u\000i\000l\000d\000\137\000d\000e\000p\000\137\000g\000r\000a\000p\000h}{subsection.3.11.3}% 171
\BOOKMARK [3][-]{subsubsection.3.11.3.2}{\376\377\0003\000.\0001\0001\000.\0003\000.\0002\000\040\000g\000o}{subsection.3.11.3}% 172
\BOOKMARK [3][-]{subsubsection.3.11.3.3}{\376\377\0003\000.\0001\0001\000.\0003\000.\0003\000\040\000p\000r\000i\000n\000t\000\137\000s\000y\000s\000t\000e\000m\000\137\000s\000t\000a\000t\000e}{subsection.3.11.3}% 173
\BOOKMARK [3][-]{subsubsection.3.11.3.4}{\376\377\0003\000.\0001\0001\000.\0003\000.\0004\000\040\000s\000y\000s\000t\000e\000m\000\137\000o\000u\000t\000p\000u\000t}{subsection.3.11.3}% 174
\BOOKMARK [2][-]{subsection.3.11.4}{\376\377\0003\000.\0001\0001\000.\0004\000\040\000M\000e\000m\000b\000e\000r\000\040\000D\000a\000t\000a\000\040\000D\000o\000c\000u\000m\000e\000n\000t\000a\000t\000i\000o\000n}{section.3.11}% 175
\BOOKMARK [3][-]{subsubsection.3.11.4.1}{\376\377\0003\000.\0001\0001\000.\0004\000.\0001\000\040\000a\000\137\0000}{subsection.3.11.4}% 176
\BOOKMARK [3][-]{subsubsection.3.11.4.2}{\376\377\0003\000.\0001\0001\000.\0004\000.\0002\000\040\000c\000h\000a\000n\000n\000e\000l\000\137\000s\000t\000a\000t\000e}{subsection.3.11.4}% 177
\BOOKMARK [3][-]{subsubsection.3.11.4.3}{\376\377\0003\000.\0001\0001\000.\0004\000.\0003\000\040\000c\000u\000r\000r\000\137\000t\000i\000m\000e}{subsection.3.11.4}% 178
\BOOKMARK [3][-]{subsubsection.3.11.4.4}{\376\377\0003\000.\0001\0001\000.\0004\000.\0004\000\040\000d\000a\000t\000a\000\137\000o\000u\000t\000p\000u\000t\000\137\000f\000i\000l\000e}{subsection.3.11.4}% 179
\BOOKMARK [3][-]{subsubsection.3.11.4.5}{\376\377\0003\000.\0001\0001\000.\0004\000.\0005\000\040\000d\000a\000t\000a\000\137\000p\000a\000t\000h}{subsection.3.11.4}% 180
\BOOKMARK [3][-]{subsubsection.3.11.4.6}{\376\377\0003\000.\0001\0001\000.\0004\000.\0006\000\040\000d\000c\000o\000l\000\137\000f\000i\000l\000e}{subsection.3.11.4}% 181
\BOOKMARK [3][-]{subsubsection.3.11.4.7}{\376\377\0003\000.\0001\0001\000.\0004\000.\0007\000\040\000d\000c\000o\000l\000\137\000p\000a\000t\000h}{subsection.3.11.4}% 182
\BOOKMARK [3][-]{subsubsection.3.11.4.8}{\376\377\0003\000.\0001\0001\000.\0004\000.\0008\000\040\000d\000i\000s\000t\000r\000\137\000v\000e\000c}{subsection.3.11.4}% 183
\BOOKMARK [3][-]{subsubsection.3.11.4.9}{\376\377\0003\000.\0001\0001\000.\0004\000.\0009\000\040\000e\000v\000t\000\137\000c\000n\000t\000r}{subsection.3.11.4}% 184
\BOOKMARK [3][-]{subsubsection.3.11.4.10}{\376\377\0003\000.\0001\0001\000.\0004\000.\0001\0000\000\040\000e\000v\000t\000\137\000v\000e\000c}{subsection.3.11.4}% 185
\BOOKMARK [3][-]{subsubsection.3.11.4.11}{\376\377\0003\000.\0001\0001\000.\0004\000.\0001\0001\000\040\000i\000n\000f\000o\000\137\000o\000u\000t\000p\000u\000t\000\137\000f\000i\000l\000e}{subsection.3.11.4}% 186
\BOOKMARK [3][-]{subsubsection.3.11.4.12}{\376\377\0003\000.\0001\0001\000.\0004\000.\0001\0002\000\040\000i\000n\000f\000o\000\137\000p\000a\000t\000h}{subsection.3.11.4}% 187
\BOOKMARK [3][-]{subsubsection.3.11.4.13}{\376\377\0003\000.\0001\0001\000.\0004\000.\0001\0003\000\040\000m\000a\000x\000\137\000S\000i\000m\000\137\000T\000i\000m\000e}{subsection.3.11.4}% 188
\BOOKMARK [3][-]{subsubsection.3.11.4.14}{\376\377\0003\000.\0001\0001\000.\0004\000.\0001\0004\000\040\000n\000\137\000s\000t\000e\000p\000s}{subsection.3.11.4}% 189
\BOOKMARK [3][-]{subsubsection.3.11.4.15}{\376\377\0003\000.\0001\0001\000.\0004\000.\0001\0005\000\040\000o\000c\000\137\000l\000o\000g\000\137\000f\000i\000l\000e}{subsection.3.11.4}% 190
\BOOKMARK [3][-]{subsubsection.3.11.4.16}{\376\377\0003\000.\0001\0001\000.\0004\000.\0001\0006\000\040\000o\000c\000\137\000p\000a\000t\000h}{subsection.3.11.4}% 191
\BOOKMARK [3][-]{subsubsection.3.11.4.17}{\376\377\0003\000.\0001\0001\000.\0004\000.\0001\0007\000\040\000o\000p\000c\000n\000t\000r}{subsection.3.11.4}% 192
\BOOKMARK [3][-]{subsubsection.3.11.4.18}{\376\377\0003\000.\0001\0001\000.\0004\000.\0001\0008\000\040\000o\000s\000i\000d}{subsection.3.11.4}% 193
\BOOKMARK [3][-]{subsubsection.3.11.4.19}{\376\377\0003\000.\0001\0001\000.\0004\000.\0001\0009\000\040\000o\000u\000t\000p\000u\000t\000\137\000d\000i\000r\000\137\000p\000a\000t\000h}{subsection.3.11.4}% 194
\BOOKMARK [3][-]{subsubsection.3.11.4.20}{\376\377\0003\000.\0001\0001\000.\0004\000.\0002\0000\000\040\000o\000u\000t\000p\000u\000t\000\137\000m\000o\000d\000e}{subsection.3.11.4}% 195
\BOOKMARK [3][-]{subsubsection.3.11.4.21}{\376\377\0003\000.\0001\0001\000.\0004\000.\0002\0001\000\040\000o\000v\000i\000d}{subsection.3.11.4}% 196
\BOOKMARK [3][-]{subsubsection.3.11.4.22}{\376\377\0003\000.\0001\0001\000.\0004\000.\0002\0002\000\040\000r\000e\000c\000\137\000i\000n\000t\000e\000r\000v\000a\000l}{subsection.3.11.4}% 197
\BOOKMARK [3][-]{subsubsection.3.11.4.23}{\376\377\0003\000.\0001\0001\000.\0004\000.\0002\0003\000\040\000r\000e\000c\000\137\000t\000i\000m\000e}{subsection.3.11.4}% 198
\BOOKMARK [3][-]{subsubsection.3.11.4.24}{\376\377\0003\000.\0001\0001\000.\0004\000.\0002\0004\000\040\000v\000x\000l\000\137\000v\000e\000c}{subsection.3.11.4}% 199
\BOOKMARK [1][-]{section.3.12}{\376\377\0003\000.\0001\0002\000\040\000n\000w\000:\000:\000R\000e\000a\000c\000t\000i\000o\000n\000\137\000E\000v\000t\000\040\000C\000l\000a\000s\000s\000\040\000R\000e\000f\000e\000r\000e\000n\000c\000e}{chapter.3}% 200
\BOOKMARK [2][-]{subsection.3.12.1}{\376\377\0003\000.\0001\0002\000.\0001\000\040\000D\000e\000t\000a\000i\000l\000e\000d\000\040\000D\000e\000s\000c\000r\000i\000p\000t\000i\000o\000n}{section.3.12}% 201
\BOOKMARK [2][-]{subsection.3.12.2}{\376\377\0003\000.\0001\0002\000.\0002\000\040\000C\000o\000n\000s\000t\000r\000u\000c\000t\000o\000r\000\040\000\046\000\040\000D\000e\000s\000t\000r\000u\000c\000t\000o\000r\000\040\000D\000o\000c\000u\000m\000e\000n\000t\000a\000t\000i\000o\000n}{section.3.12}% 202
\BOOKMARK [3][-]{subsubsection.3.12.2.1}{\376\377\0003\000.\0001\0002\000.\0002\000.\0001\000\040\000R\000e\000a\000c\000t\000i\000o\000n\000\137\000E\000v\000t}{subsection.3.12.2}% 203
\BOOKMARK [3][-]{subsubsection.3.12.2.2}{\376\377\0003\000.\0001\0002\000.\0002\000.\0002\000\040\000R\000e\000a\000c\000t\000i\000o\000n\000\137\000E\000v\000t}{subsection.3.12.2}% 204
\BOOKMARK [2][-]{subsection.3.12.3}{\376\377\0003\000.\0001\0002\000.\0003\000\040\000M\000e\000m\000b\000e\000r\000\040\000F\000u\000n\000c\000t\000i\000o\000n\000\040\000D\000o\000c\000u\000m\000e\000n\000t\000a\000t\000i\000o\000n}{section.3.12}% 205
\BOOKMARK [3][-]{subsubsection.3.12.3.1}{\376\377\0003\000.\0001\0002\000.\0003\000.\0001\000\040\000b\000u\000i\000l\000d\000\137\000e\000d\000u\000c\000t\000\137\000v\000e\000c\000t\000o\000r}{subsection.3.12.3}% 206
\BOOKMARK [3][-]{subsubsection.3.12.3.2}{\376\377\0003\000.\0001\0002\000.\0003\000.\0002\000\040\000c\000a\000l\000c\000\137\000t\000a\000u}{subsection.3.12.3}% 207
\BOOKMARK [3][-]{subsubsection.3.12.3.3}{\376\377\0003\000.\0001\0002\000.\0003\000.\0003\000\040\000e\000x\000e\000c\000u\000t\000e}{subsection.3.12.3}% 208
\BOOKMARK [3][-]{subsubsection.3.12.3.4}{\376\377\0003\000.\0001\0002\000.\0003\000.\0004\000\040\000g\000e\000t\000\137\000a}{subsection.3.12.3}% 209
\BOOKMARK [3][-]{subsubsection.3.12.3.5}{\376\377\0003\000.\0001\0002\000.\0003\000.\0005\000\040\000i\000n\000i\000t}{subsection.3.12.3}% 210
\BOOKMARK [3][-]{subsubsection.3.12.3.6}{\376\377\0003\000.\0001\0002\000.\0003\000.\0006\000\040\000u\000p\000d\000a\000t\000e}{subsection.3.12.3}% 211
\BOOKMARK [2][-]{subsection.3.12.4}{\376\377\0003\000.\0001\0002\000.\0004\000\040\000M\000e\000m\000b\000e\000r\000\040\000D\000a\000t\000a\000\040\000D\000o\000c\000u\000m\000e\000n\000t\000a\000t\000i\000o\000n}{section.3.12}% 212
\BOOKMARK [3][-]{subsubsection.3.12.4.1}{\376\377\0003\000.\0001\0002\000.\0004\000.\0001\000\040\000e\000d\000u\000c\000t\000\137\000v\000e\000c}{subsection.3.12.4}% 213
\BOOKMARK [1][-]{section.3.13}{\376\377\0003\000.\0001\0003\000\040\000n\000w\000:\000:\000S\000t\000a\000n\000d\000a\000r\000d\000\137\000I\000p\000t\000\040\000C\000l\000a\000s\000s\000\040\000R\000e\000f\000e\000r\000e\000n\000c\000e}{chapter.3}% 214
\BOOKMARK [2][-]{subsection.3.13.1}{\376\377\0003\000.\0001\0003\000.\0001\000\040\000D\000e\000t\000a\000i\000l\000e\000d\000\040\000D\000e\000s\000c\000r\000i\000p\000t\000i\000o\000n}{section.3.13}% 215
\BOOKMARK [2][-]{subsection.3.13.2}{\376\377\0003\000.\0001\0003\000.\0002\000\040\000C\000o\000n\000s\000t\000r\000u\000c\000t\000o\000r\000\040\000\046\000\040\000D\000e\000s\000t\000r\000u\000c\000t\000o\000r\000\040\000D\000o\000c\000u\000m\000e\000n\000t\000a\000t\000i\000o\000n}{section.3.13}% 216
\BOOKMARK [3][-]{subsubsection.3.13.2.1}{\376\377\0003\000.\0001\0003\000.\0002\000.\0001\000\040\000S\000t\000a\000n\000d\000a\000r\000d\000\137\000I\000p\000t}{subsection.3.13.2}% 217
\BOOKMARK [3][-]{subsubsection.3.13.2.2}{\376\377\0003\000.\0001\0003\000.\0002\000.\0002\000\040\000S\000t\000a\000n\000d\000a\000r\000d\000\137\000I\000p\000t}{subsection.3.13.2}% 218
\BOOKMARK [2][-]{subsection.3.13.3}{\376\377\0003\000.\0001\0003\000.\0003\000\040\000M\000e\000m\000b\000e\000r\000\040\000F\000u\000n\000c\000t\000i\000o\000n\000\040\000D\000o\000c\000u\000m\000e\000n\000t\000a\000t\000i\000o\000n}{section.3.13}% 219
\BOOKMARK [3][-]{subsubsection.3.13.3.1}{\376\377\0003\000.\0001\0003\000.\0003\000.\0001\000\040\000a\000l\000l\000o\000c\000\137\000E\000v\000e\000n\000t\000s}{subsection.3.13.3}% 220
\BOOKMARK [3][-]{subsubsection.3.13.3.2}{\376\377\0003\000.\0001\0003\000.\0003\000.\0002\000\040\000a\000l\000l\000o\000c\000\137\000S\000p\000e\000c\000i\000e\000s}{subsection.3.13.3}% 221
\BOOKMARK [3][-]{subsubsection.3.13.3.3}{\376\377\0003\000.\0001\0003\000.\0003\000.\0003\000\040\000a\000l\000l\000o\000c\000\137\000V\000o\000x\000e\000l}{subsection.3.13.3}% 222
\BOOKMARK [3][-]{subsubsection.3.13.3.4}{\376\377\0003\000.\0001\0003\000.\0003\000.\0004\000\040\000b\000u\000i\000l\000d\000\137\000h\000e\000a\000d\000e\000r}{subsection.3.13.3}% 223
\BOOKMARK [3][-]{subsubsection.3.13.3.5}{\376\377\0003\000.\0001\0003\000.\0003\000.\0005\000\040\000b\000u\000i\000l\000d\000\137\000s\000c\000\137\000v\000e\000c\000t\000o\000r}{subsection.3.13.3}% 224
\BOOKMARK [3][-]{subsubsection.3.13.3.6}{\376\377\0003\000.\0001\0003\000.\0003\000.\0006\000\040\000b\000u\000i\000l\000d\000\137\000v\000x\000l\000\137\000v\000e\000c}{subsection.3.13.3}% 225
\BOOKMARK [3][-]{subsubsection.3.13.3.7}{\376\377\0003\000.\0001\0003\000.\0003\000.\0007\000\040\000c\000l\000o\000n\000e\000\137\000s\000v\000c}{subsection.3.13.3}% 226
\BOOKMARK [3][-]{subsubsection.3.13.3.8}{\376\377\0003\000.\0001\0003\000.\0003\000.\0008\000\040\000g\000e\000t\000\137\000a\0000}{subsection.3.13.3}% 227
\BOOKMARK [3][-]{subsubsection.3.13.3.9}{\376\377\0003\000.\0001\0003\000.\0003\000.\0009\000\040\000g\000e\000t\000\137\000S\000y\000s\000t\000e\000m}{subsection.3.13.3}% 228
\BOOKMARK [3][-]{subsubsection.3.13.3.10}{\376\377\0003\000.\0001\0003\000.\0003\000.\0001\0000\000\040\000r\000e\000a\000d\000\137\000E\000v\000e\000n\000t\000s}{subsection.3.13.3}% 229
\BOOKMARK [3][-]{subsubsection.3.13.3.11}{\376\377\0003\000.\0001\0003\000.\0003\000.\0001\0001\000\040\000r\000e\000a\000d\000\137\000S\000i\000m\000\137\000D\000a\000t\000a}{subsection.3.13.3}% 230
\BOOKMARK [3][-]{subsubsection.3.13.3.12}{\376\377\0003\000.\0001\0003\000.\0003\000.\0001\0002\000\040\000r\000e\000a\000d\000\137\000S\000p\000e\000c\000i\000e\000s}{subsection.3.13.3}% 231
\BOOKMARK [3][-]{subsubsection.3.13.3.13}{\376\377\0003\000.\0001\0003\000.\0003\000.\0001\0003\000\040\000r\000e\000a\000d\000\137\000V\000o\000x\000e\000l}{subsection.3.13.3}% 232
\BOOKMARK [2][-]{subsection.3.13.4}{\376\377\0003\000.\0001\0003\000.\0004\000\040\000M\000e\000m\000b\000e\000r\000\040\000D\000a\000t\000a\000\040\000D\000o\000c\000u\000m\000e\000n\000t\000a\000t\000i\000o\000n}{section.3.13}% 233
\BOOKMARK [3][-]{subsubsection.3.13.4.1}{\376\377\0003\000.\0001\0003\000.\0004\000.\0001\000\040\000d\000o\000c}{subsection.3.13.4}% 234
\BOOKMARK [3][-]{subsubsection.3.13.4.2}{\376\377\0003\000.\0001\0003\000.\0004\000.\0002\000\040\000e\000v\000c}{subsection.3.13.4}% 235
\BOOKMARK [3][-]{subsubsection.3.13.4.3}{\376\377\0003\000.\0001\0003\000.\0004\000.\0003\000\040\000i\000n\000f\000o\000\137\000p\000a\000t\000h}{subsection.3.13.4}% 236
\BOOKMARK [3][-]{subsubsection.3.13.4.4}{\376\377\0003\000.\0001\0003\000.\0004\000.\0004\000\040\000o\000u\000t\000p\000u\000t\000\137\000d\000i\000r\000\137\000p\000a\000t\000h}{subsection.3.13.4}% 237
\BOOKMARK [3][-]{subsubsection.3.13.4.5}{\376\377\0003\000.\0001\0003\000.\0004\000.\0005\000\040\000p}{subsection.3.13.4}% 238
\BOOKMARK [3][-]{subsubsection.3.13.4.6}{\376\377\0003\000.\0001\0003\000.\0004\000.\0006\000\040\000r\000g}{subsection.3.13.4}% 239
\BOOKMARK [3][-]{subsubsection.3.13.4.7}{\376\377\0003\000.\0001\0003\000.\0004\000.\0007\000\040\000s\000v\000c}{subsection.3.13.4}% 240
\BOOKMARK [3][-]{subsubsection.3.13.4.8}{\376\377\0003\000.\0001\0003\000.\0004\000.\0008\000\040\000v\000v\000c}{subsection.3.13.4}% 241
\BOOKMARK [3][-]{subsubsection.3.13.4.9}{\376\377\0003\000.\0001\0003\000.\0004\000.\0009\000\040\000x\000g\000d}{subsection.3.13.4}% 242
\BOOKMARK [1][-]{section.3.14}{\376\377\0003\000.\0001\0004\000\040\000n\000w\000:\000:\000S\000t\000a\000n\000d\000a\000r\000d\000\137\000S\000p\000c\000\040\000C\000l\000a\000s\000s\000\040\000R\000e\000f\000e\000r\000e\000n\000c\000e}{chapter.3}% 243
\BOOKMARK [2][-]{subsection.3.14.1}{\376\377\0003\000.\0001\0004\000.\0001\000\040\000D\000e\000t\000a\000i\000l\000e\000d\000\040\000D\000e\000s\000c\000r\000i\000p\000t\000i\000o\000n}{section.3.14}% 244
\BOOKMARK [2][-]{subsection.3.14.2}{\376\377\0003\000.\0001\0004\000.\0002\000\040\000C\000o\000n\000s\000t\000r\000u\000c\000t\000o\000r\000\040\000\046\000\040\000D\000e\000s\000t\000r\000u\000c\000t\000o\000r\000\040\000D\000o\000c\000u\000m\000e\000n\000t\000a\000t\000i\000o\000n}{section.3.14}% 245
\BOOKMARK [3][-]{subsubsection.3.14.2.1}{\376\377\0003\000.\0001\0004\000.\0002\000.\0001\000\040\000S\000t\000a\000n\000d\000a\000r\000d\000\137\000S\000p\000c}{subsection.3.14.2}% 246
\BOOKMARK [3][-]{subsubsection.3.14.2.2}{\376\377\0003\000.\0001\0004\000.\0002\000.\0002\000\040\000S\000t\000a\000n\000d\000a\000r\000d\000\137\000S\000p\000c}{subsection.3.14.2}% 247
\BOOKMARK [2][-]{subsection.3.14.3}{\376\377\0003\000.\0001\0004\000.\0003\000\040\000M\000e\000m\000b\000e\000r\000\040\000F\000u\000n\000c\000t\000i\000o\000n\000\040\000D\000o\000c\000u\000m\000e\000n\000t\000a\000t\000i\000o\000n}{section.3.14}% 248
\BOOKMARK [3][-]{subsubsection.3.14.3.1}{\376\377\0003\000.\0001\0004\000.\0003\000.\0001\000\040\000c\000o\000p\000y}{subsection.3.14.3}% 249
\BOOKMARK [3][-]{subsubsection.3.14.3.2}{\376\377\0003\000.\0001\0004\000.\0003\000.\0002\000\040\000g\000e\000t\000\137\000n\000\137\000m\000o\000l\000e\000c\000u\000l\000e\000s}{subsection.3.14.3}% 250
\BOOKMARK [3][-]{subsubsection.3.14.3.3}{\376\377\0003\000.\0001\0004\000.\0003\000.\0003\000\040\000m\000o\000d\000\137\000n\000\137\000m\000o\000l\000e\000c\000u\000l\000e\000s}{subsection.3.14.3}% 251
\BOOKMARK [1][-]{section.3.15}{\376\377\0003\000.\0001\0005\000\040\000n\000w\000:\000:\000S\000t\000a\000n\000d\000a\000r\000d\000\137\000V\000x\000l\000\040\000C\000l\000a\000s\000s\000\040\000R\000e\000f\000e\000r\000e\000n\000c\000e}{chapter.3}% 252
\BOOKMARK [2][-]{subsection.3.15.1}{\376\377\0003\000.\0001\0005\000.\0001\000\040\000D\000e\000t\000a\000i\000l\000e\000d\000\040\000D\000e\000s\000c\000r\000i\000p\000t\000i\000o\000n}{section.3.15}% 253
\BOOKMARK [2][-]{subsection.3.15.2}{\376\377\0003\000.\0001\0005\000.\0002\000\040\000C\000o\000n\000s\000t\000r\000u\000c\000t\000o\000r\000\040\000\046\000\040\000D\000e\000s\000t\000r\000u\000c\000t\000o\000r\000\040\000D\000o\000c\000u\000m\000e\000n\000t\000a\000t\000i\000o\000n}{section.3.15}% 254
\BOOKMARK [3][-]{subsubsection.3.15.2.1}{\376\377\0003\000.\0001\0005\000.\0002\000.\0001\000\040\000S\000t\000a\000n\000d\000a\000r\000d\000\137\000V\000x\000l}{subsection.3.15.2}% 255
\BOOKMARK [3][-]{subsubsection.3.15.2.2}{\376\377\0003\000.\0001\0005\000.\0002\000.\0002\000\040\000S\000t\000a\000n\000d\000a\000r\000d\000\137\000V\000x\000l}{subsection.3.15.2}% 256
\BOOKMARK [2][-]{subsection.3.15.3}{\376\377\0003\000.\0001\0005\000.\0003\000\040\000M\000e\000m\000b\000e\000r\000\040\000F\000u\000n\000c\000t\000i\000o\000n\000\040\000D\000o\000c\000u\000m\000e\000n\000t\000a\000t\000i\000o\000n}{section.3.15}% 257
\BOOKMARK [3][-]{subsubsection.3.15.3.1}{\376\377\0003\000.\0001\0005\000.\0003\000.\0001\000\040\000u\000p\000d\000a\000t\000e\000\137\000s\000t\000a\000t\000e}{subsection.3.15.3}% 258
\BOOKMARK [1][-]{section.3.16}{\376\377\0003\000.\0001\0006\000\040\000n\000w\000:\000:\000S\000u\000b\000U\000n\000i\000t\000S\000w\000i\000t\000c\000h\000\137\000R\000c\000t\000\137\000E\000v\000t\000\040\000C\000l\000a\000s\000s\000\040\000R\000e\000f\000e\000r\000e\000n\000c\000e}{chapter.3}% 259
\BOOKMARK [2][-]{subsection.3.16.1}{\376\377\0003\000.\0001\0006\000.\0001\000\040\000C\000o\000n\000s\000t\000r\000u\000c\000t\000o\000r\000\040\000\046\000\040\000D\000e\000s\000t\000r\000u\000c\000t\000o\000r\000\040\000D\000o\000c\000u\000m\000e\000n\000t\000a\000t\000i\000o\000n}{section.3.16}% 260
\BOOKMARK [3][-]{subsubsection.3.16.1.1}{\376\377\0003\000.\0001\0006\000.\0001\000.\0001\000\040\000S\000u\000b\000U\000n\000i\000t\000S\000w\000i\000t\000c\000h\000\137\000R\000c\000t\000\137\000E\000v\000t}{subsection.3.16.1}% 261
\BOOKMARK [3][-]{subsubsection.3.16.1.2}{\376\377\0003\000.\0001\0006\000.\0001\000.\0002\000\040\000S\000u\000b\000U\000n\000i\000t\000S\000w\000i\000t\000c\000h\000\137\000R\000c\000t\000\137\000E\000v\000t}{subsection.3.16.1}% 262
\BOOKMARK [2][-]{subsection.3.16.2}{\376\377\0003\000.\0001\0006\000.\0002\000\040\000M\000e\000m\000b\000e\000r\000\040\000F\000u\000n\000c\000t\000i\000o\000n\000\040\000D\000o\000c\000u\000m\000e\000n\000t\000a\000t\000i\000o\000n}{section.3.16}% 263
\BOOKMARK [3][-]{subsubsection.3.16.2.1}{\376\377\0003\000.\0001\0006\000.\0002\000.\0001\000\040\000e\000x\000e\000c\000u\000t\000e}{subsection.3.16.2}% 264
\BOOKMARK [3][-]{subsubsection.3.16.2.2}{\376\377\0003\000.\0001\0006\000.\0002\000.\0002\000\040\000u\000p\000d\000a\000t\000e\000\137\000C\000h\000a\000n\000n\000e\000l\000\137\000S\000p\000c}{subsection.3.16.2}% 265
\BOOKMARK [2][-]{subsection.3.16.3}{\376\377\0003\000.\0001\0006\000.\0003\000\040\000M\000e\000m\000b\000e\000r\000\040\000D\000a\000t\000a\000\040\000D\000o\000c\000u\000m\000e\000n\000t\000a\000t\000i\000o\000n}{section.3.16}% 266
\BOOKMARK [3][-]{subsubsection.3.16.3.1}{\376\377\0003\000.\0001\0006\000.\0003\000.\0001\000\040\000a\000c\000t\000\137\000s\000u\000\137\000i\000d}{subsection.3.16.3}% 267
\BOOKMARK [3][-]{subsubsection.3.16.3.2}{\376\377\0003\000.\0001\0006\000.\0003\000.\0002\000\040\000c\000h\000\137\000s\000p\000c\000\137\000i\000d}{subsection.3.16.3}% 268
\BOOKMARK [3][-]{subsubsection.3.16.3.3}{\376\377\0003\000.\0001\0006\000.\0003\000.\0003\000\040\000c\000h\000s}{subsection.3.16.3}% 269
\BOOKMARK [1][-]{section.3.17}{\376\377\0003\000.\0001\0007\000\040\000n\000w\000:\000:\000\137\000E\000v\000e\000n\000t\000:\000:\000t\000v\000\137\000s\000t\000r\000u\000c\000t\000\040\000S\000t\000r\000u\000c\000t\000\040\000R\000e\000f\000e\000r\000e\000n\000c\000e}{chapter.3}% 270
\BOOKMARK [2][-]{subsection.3.17.1}{\376\377\0003\000.\0001\0007\000.\0001\000\040\000D\000e\000t\000a\000i\000l\000e\000d\000\040\000D\000e\000s\000c\000r\000i\000p\000t\000i\000o\000n}{section.3.17}% 271
\BOOKMARK [2][-]{subsection.3.17.2}{\376\377\0003\000.\0001\0007\000.\0002\000\040\000M\000e\000m\000b\000e\000r\000\040\000D\000a\000t\000a\000\040\000D\000o\000c\000u\000m\000e\000n\000t\000a\000t\000i\000o\000n}{section.3.17}% 272
\BOOKMARK [3][-]{subsubsection.3.17.2.1}{\376\377\0003\000.\0001\0007\000.\0002\000.\0001\000\040\000t}{subsection.3.17.2}% 273
\BOOKMARK [3][-]{subsubsection.3.17.2.2}{\376\377\0003\000.\0001\0007\000.\0002\000.\0002\000\040\000v}{subsection.3.17.2}% 274
\BOOKMARK [1][-]{section.3.18}{\376\377\0003\000.\0001\0008\000\040\000n\000w\000:\000:\000U\000n\000i\000\137\000R\000n\000d\000\040\000C\000l\000a\000s\000s\000\040\000R\000e\000f\000e\000r\000e\000n\000c\000e}{chapter.3}% 275
\BOOKMARK [2][-]{subsection.3.18.1}{\376\377\0003\000.\0001\0008\000.\0001\000\040\000D\000e\000t\000a\000i\000l\000e\000d\000\040\000D\000e\000s\000c\000r\000i\000p\000t\000i\000o\000n}{section.3.18}% 276
\BOOKMARK [2][-]{subsection.3.18.2}{\376\377\0003\000.\0001\0008\000.\0002\000\040\000C\000o\000n\000s\000t\000r\000u\000c\000t\000o\000r\000\040\000\046\000\040\000D\000e\000s\000t\000r\000u\000c\000t\000o\000r\000\040\000D\000o\000c\000u\000m\000e\000n\000t\000a\000t\000i\000o\000n}{section.3.18}% 277
\BOOKMARK [3][-]{subsubsection.3.18.2.1}{\376\377\0003\000.\0001\0008\000.\0002\000.\0001\000\040\000U\000n\000i\000\137\000R\000n\000d}{subsection.3.18.2}% 278
\BOOKMARK [2][-]{subsection.3.18.3}{\376\377\0003\000.\0001\0008\000.\0003\000\040\000M\000e\000m\000b\000e\000r\000\040\000F\000u\000n\000c\000t\000i\000o\000n\000\040\000D\000o\000c\000u\000m\000e\000n\000t\000a\000t\000i\000o\000n}{section.3.18}% 279
\BOOKMARK [3][-]{subsubsection.3.18.3.1}{\376\377\0003\000.\0001\0008\000.\0003\000.\0001\000\040\000g\000e\000t\000\137\000U\000n\000i\000\137\000R\000n\000d}{subsection.3.18.3}% 280
\BOOKMARK [3][-]{subsubsection.3.18.3.2}{\376\377\0003\000.\0001\0008\000.\0003\000.\0002\000\040\000u\000n\000i\000\137\000R\000n\000d}{subsection.3.18.3}% 281
\BOOKMARK [2][-]{subsection.3.18.4}{\376\377\0003\000.\0001\0008\000.\0004\000\040\000M\000e\000m\000b\000e\000r\000\040\000D\000a\000t\000a\000\040\000D\000o\000c\000u\000m\000e\000n\000t\000a\000t\000i\000o\000n}{section.3.18}% 282
\BOOKMARK [3][-]{subsubsection.3.18.4.1}{\376\377\0003\000.\0001\0008\000.\0004\000.\0001\000\040\000s\000e\000e\000d}{subsection.3.18.4}% 283
\BOOKMARK [1][-]{section.3.19}{\376\377\0003\000.\0001\0009\000\040\000n\000w\000:\000:\000S\000t\000a\000n\000d\000a\000r\000d\000\137\000I\000p\000t\000:\000:\000x\000m\000l\000\137\000C\000h\000\137\000S\000p\000c\000\040\000S\000t\000r\000u\000c\000t\000\040\000R\000e\000f\000e\000r\000e\000n\000c\000e}{chapter.3}% 284
\BOOKMARK [2][-]{subsection.3.19.1}{\376\377\0003\000.\0001\0009\000.\0001\000\040\000D\000e\000t\000a\000i\000l\000e\000d\000\040\000D\000e\000s\000c\000r\000i\000p\000t\000i\000o\000n}{section.3.19}% 285
\BOOKMARK [2][-]{subsection.3.19.2}{\376\377\0003\000.\0001\0009\000.\0002\000\040\000M\000e\000m\000b\000e\000r\000\040\000D\000a\000t\000a\000\040\000D\000o\000c\000u\000m\000e\000n\000t\000a\000t\000i\000o\000n}{section.3.19}% 286
\BOOKMARK [3][-]{subsubsection.3.19.2.1}{\376\377\0003\000.\0001\0009\000.\0002\000.\0001\000\040\000x\000m\000l\000\137\000n\000\137\000s\000u\000b\000u\000n\000i\000t\000s}{subsection.3.19.2}% 287
\BOOKMARK [3][-]{subsubsection.3.19.2.2}{\376\377\0003\000.\0001\0009\000.\0002\000.\0002\000\040\000x\000m\000l\000\137\000n\000\137\000s\000u\000T\000o\000O\000p\000e\000n}{subsection.3.19.2}% 288
\BOOKMARK [1][-]{section.3.20}{\376\377\0003\000.\0002\0000\000\040\000n\000w\000:\000:\000S\000t\000a\000n\000d\000a\000r\000d\000\137\000I\000p\000t\000:\000:\000x\000m\000l\000\137\000C\000h\000F\000l\000u\000x\000\137\000R\000c\000t\000\137\000E\000v\000t\000\040\000S\000t\000r\000u\000c\000t\000\040\000R\000e\000f\000e\000r\000e\000n\000c\000e}{chapter.3}% 289
\BOOKMARK [2][-]{subsection.3.20.1}{\376\377\0003\000.\0002\0000\000.\0001\000\040\000D\000e\000t\000a\000i\000l\000e\000d\000\040\000D\000e\000s\000c\000r\000i\000p\000t\000i\000o\000n}{section.3.20}% 290
\BOOKMARK [2][-]{subsection.3.20.2}{\376\377\0003\000.\0002\0000\000.\0002\000\040\000M\000e\000m\000b\000e\000r\000\040\000D\000a\000t\000a\000\040\000D\000o\000c\000u\000m\000e\000n\000t\000a\000t\000i\000o\000n}{section.3.20}% 291
\BOOKMARK [3][-]{subsubsection.3.20.2.1}{\376\377\0003\000.\0002\0000\000.\0002\000.\0001\000\040\000x\000m\000l\000\137\000c\000h\000a\000n\000n\000e\000l\000\137\000i\000d}{subsection.3.20.2}% 292
\BOOKMARK [1][-]{section.3.21}{\376\377\0003\000.\0002\0001\000\040\000n\000w\000:\000:\000S\000t\000a\000n\000d\000a\000r\000d\000\137\000I\000p\000t\000:\000:\000x\000m\000l\000\137\000D\000i\000f\000\137\000E\000v\000t\000\040\000S\000t\000r\000u\000c\000t\000\040\000R\000e\000f\000e\000r\000e\000n\000c\000e}{chapter.3}% 293
\BOOKMARK [2][-]{subsection.3.21.1}{\376\377\0003\000.\0002\0001\000.\0001\000\040\000D\000e\000t\000a\000i\000l\000e\000d\000\040\000D\000e\000s\000c\000r\000i\000p\000t\000i\000o\000n}{section.3.21}% 294
\BOOKMARK [2][-]{subsection.3.21.2}{\376\377\0003\000.\0002\0001\000.\0002\000\040\000M\000e\000m\000b\000e\000r\000\040\000D\000a\000t\000a\000\040\000D\000o\000c\000u\000m\000e\000n\000t\000a\000t\000i\000o\000n}{section.3.21}% 295
\BOOKMARK [3][-]{subsubsection.3.21.2.1}{\376\377\0003\000.\0002\0001\000.\0002\000.\0001\000\040\000x\000m\000l\000\137\000d\000i\000f\000f\000\137\000s\000p\000c}{subsection.3.21.2}% 296
\BOOKMARK [1][-]{section.3.22}{\376\377\0003\000.\0002\0002\000\040\000n\000w\000:\000:\000S\000t\000a\000n\000d\000a\000r\000d\000\137\000I\000p\000t\000:\000:\000x\000m\000l\000\137\000e\000v\000t\000\040\000S\000t\000r\000u\000c\000t\000\040\000R\000e\000f\000e\000r\000e\000n\000c\000e}{chapter.3}% 297
\BOOKMARK [2][-]{subsection.3.22.1}{\376\377\0003\000.\0002\0002\000.\0001\000\040\000D\000e\000t\000a\000i\000l\000e\000d\000\040\000D\000e\000s\000c\000r\000i\000p\000t\000i\000o\000n}{section.3.22}% 298
\BOOKMARK [2][-]{subsection.3.22.2}{\376\377\0003\000.\0002\0002\000.\0002\000\040\000M\000e\000m\000b\000e\000r\000\040\000D\000a\000t\000a\000\040\000D\000o\000c\000u\000m\000e\000n\000t\000a\000t\000i\000o\000n}{section.3.22}% 299
\BOOKMARK [3][-]{subsubsection.3.22.2.1}{\376\377\0003\000.\0002\0002\000.\0002\000.\0001\000\040\000x\000m\000l\000\137\000i\000d}{subsection.3.22.2}% 300
\BOOKMARK [3][-]{subsubsection.3.22.2.2}{\376\377\0003\000.\0002\0002\000.\0002\000.\0002\000\040\000x\000m\000l\000\137\000k}{subsection.3.22.2}% 301
\BOOKMARK [3][-]{subsubsection.3.22.2.3}{\376\377\0003\000.\0002\0002\000.\0002\000.\0003\000\040\000x\000m\000l\000\137\000n\000a\000m\000e}{subsection.3.22.2}% 302
\BOOKMARK [3][-]{subsubsection.3.22.2.4}{\376\377\0003\000.\0002\0002\000.\0002\000.\0004\000\040\000x\000m\000l\000\137\000v\000x\000l}{subsection.3.22.2}% 303
\BOOKMARK [1][-]{section.3.23}{\376\377\0003\000.\0002\0003\000\040\000n\000w\000:\000:\000S\000t\000a\000n\000d\000a\000r\000d\000\137\000I\000p\000t\000:\000:\000x\000m\000l\000\137\000g\000e\000n\000\137\000d\000a\000t\000a\000\040\000S\000t\000r\000u\000c\000t\000\040\000R\000e\000f\000e\000r\000e\000n\000c\000e}{chapter.3}% 304
\BOOKMARK [2][-]{subsection.3.23.1}{\376\377\0003\000.\0002\0003\000.\0001\000\040\000D\000e\000t\000a\000i\000l\000e\000d\000\040\000D\000e\000s\000c\000r\000i\000p\000t\000i\000o\000n}{section.3.23}% 305
\BOOKMARK [2][-]{subsection.3.23.2}{\376\377\0003\000.\0002\0003\000.\0002\000\040\000M\000e\000m\000b\000e\000r\000\040\000D\000a\000t\000a\000\040\000D\000o\000c\000u\000m\000e\000n\000t\000a\000t\000i\000o\000n}{section.3.23}% 306
\BOOKMARK [3][-]{subsubsection.3.23.2.1}{\376\377\0003\000.\0002\0003\000.\0002\000.\0001\000\040\000x\000m\000l\000\137\000b\000o\000r\000d\000e\000r\000\137\000c\000o\000n\000d\000i\000t\000i\000o\000n}{subsection.3.23.2}% 307
\BOOKMARK [3][-]{subsubsection.3.23.2.2}{\376\377\0003\000.\0002\0003\000.\0002\000.\0002\000\040\000x\000m\000l\000\137\000b\000o\000x\000\137\000l\000e\000n\000g\000h\000t}{subsection.3.23.2}% 308
\BOOKMARK [3][-]{subsubsection.3.23.2.3}{\376\377\0003\000.\0002\0003\000.\0002\000.\0003\000\040\000x\000m\000l\000\137\000c\000h\000\137\000s\000p\000c\000\137\000l\000i\000s\000t}{subsection.3.23.2}% 309
\BOOKMARK [3][-]{subsubsection.3.23.2.4}{\376\377\0003\000.\0002\0003\000.\0002\000.\0004\000\040\000x\000m\000l\000\137\000c\000h\000F\000l\000u\000x\000\137\000r\000c\000t\000\137\000e\000v\000t\000\137\000l\000i\000s\000t}{subsection.3.23.2}% 310
\BOOKMARK [3][-]{subsubsection.3.23.2.5}{\376\377\0003\000.\0002\0003\000.\0002\000.\0005\000\040\000x\000m\000l\000\137\000d\000i\000f\000\137\000e\000v\000t\000\137\000l\000i\000s\000t}{subsection.3.23.2}% 311
\BOOKMARK [3][-]{subsubsection.3.23.2.6}{\376\377\0003\000.\0002\0003\000.\0002\000.\0006\000\040\000x\000m\000l\000\137\000m\000a\000x\000\137\000s\000i\000m\000\137\000s\000t\000e\000p\000s}{subsection.3.23.2}% 312
\BOOKMARK [3][-]{subsubsection.3.23.2.7}{\376\377\0003\000.\0002\0003\000.\0002\000.\0007\000\040\000x\000m\000l\000\137\000m\000a\000x\000\137\000s\000i\000m\000\137\000t\000i\000m\000e}{subsection.3.23.2}% 313
\BOOKMARK [3][-]{subsubsection.3.23.2.8}{\376\377\0003\000.\0002\0003\000.\0002\000.\0008\000\040\000x\000m\000l\000\137\000o\000u\000t\000p\000u\000t\000\137\000m\000o\000d\000e}{subsection.3.23.2}% 314
\BOOKMARK [3][-]{subsubsection.3.23.2.9}{\376\377\0003\000.\0002\0003\000.\0002\000.\0009\000\040\000x\000m\000l\000\137\000o\000u\000t\000p\000u\000t\000\137\000S\000p\000c}{subsection.3.23.2}% 315
\BOOKMARK [3][-]{subsubsection.3.23.2.10}{\376\377\0003\000.\0002\0003\000.\0002\000.\0001\0000\000\040\000x\000m\000l\000\137\000o\000u\000t\000p\000u\000t\000\137\000V\000x\000l}{subsection.3.23.2}% 316
\BOOKMARK [3][-]{subsubsection.3.23.2.11}{\376\377\0003\000.\0002\0003\000.\0002\000.\0001\0001\000\040\000x\000m\000l\000\137\000r\000c\000t\000\137\000e\000v\000t\000\137\000l\000i\000s\000t}{subsection.3.23.2}% 317
\BOOKMARK [3][-]{subsubsection.3.23.2.12}{\376\377\0003\000.\0002\0003\000.\0002\000.\0001\0002\000\040\000x\000m\000l\000\137\000s\000a\000m\000p\000l\000e\000\137\000r\000a\000t\000e}{subsection.3.23.2}% 318
\BOOKMARK [3][-]{subsubsection.3.23.2.13}{\376\377\0003\000.\0002\0003\000.\0002\000.\0001\0003\000\040\000x\000m\000l\000\137\000s\000i\000m\000u\000l\000a\000t\000i\000o\000n\000\137\000t\000y\000p\000e}{subsection.3.23.2}% 319
\BOOKMARK [3][-]{subsubsection.3.23.2.14}{\376\377\0003\000.\0002\0003\000.\0002\000.\0001\0004\000\040\000x\000m\000l\000\137\000s\000p\000c\000\137\000l\000i\000s\000t}{subsection.3.23.2}% 320
\BOOKMARK [3][-]{subsubsection.3.23.2.15}{\376\377\0003\000.\0002\0003\000.\0002\000.\0001\0005\000\040\000x\000m\000l\000\137\000s\000u\000S\000w\000i\000t\000c\000h\000\137\000r\000c\000t\000\137\000e\000v\000t\000\137\000l\000i\000s\000t}{subsection.3.23.2}% 321
\BOOKMARK [3][-]{subsubsection.3.23.2.16}{\376\377\0003\000.\0002\0003\000.\0002\000.\0001\0006\000\040\000x\000m\000l\000\137\000v\000x\000l\000\137\000l\000i\000s\000t}{subsection.3.23.2}% 322
\BOOKMARK [1][-]{section.3.24}{\376\377\0003\000.\0002\0004\000\040\000n\000w\000:\000:\000S\000t\000a\000n\000d\000a\000r\000d\000\137\000I\000p\000t\000:\000:\000x\000m\000l\000\137\000R\000c\000t\000\137\000E\000v\000t\000\040\000S\000t\000r\000u\000c\000t\000\040\000R\000e\000f\000e\000r\000e\000n\000c\000e}{chapter.3}% 323
\BOOKMARK [2][-]{subsection.3.24.1}{\376\377\0003\000.\0002\0004\000.\0001\000\040\000D\000e\000t\000a\000i\000l\000e\000d\000\040\000D\000e\000s\000c\000r\000i\000p\000t\000i\000o\000n}{section.3.24}% 324
\BOOKMARK [2][-]{subsection.3.24.2}{\376\377\0003\000.\0002\0004\000.\0002\000\040\000M\000e\000m\000b\000e\000r\000\040\000D\000a\000t\000a\000\040\000D\000o\000c\000u\000m\000e\000n\000t\000a\000t\000i\000o\000n}{section.3.24}% 325
\BOOKMARK [3][-]{subsubsection.3.24.2.1}{\376\377\0003\000.\0002\0004\000.\0002\000.\0001\000\040\000x\000m\000l\000\137\000e\000d\000u\000c\000t\000s}{subsection.3.24.2}% 326
\BOOKMARK [3][-]{subsubsection.3.24.2.2}{\376\377\0003\000.\0002\0004\000.\0002\000.\0002\000\040\000x\000m\000l\000\137\000p\000r\000o\000d\000u\000c\000t\000s}{subsection.3.24.2}% 327
\BOOKMARK [1][-]{section.3.25}{\376\377\0003\000.\0002\0005\000\040\000n\000w\000:\000:\000S\000t\000a\000n\000d\000a\000r\000d\000\137\000I\000p\000t\000:\000:\000x\000m\000l\000\137\000s\000p\000c\000\040\000S\000t\000r\000u\000c\000t\000\040\000R\000e\000f\000e\000r\000e\000n\000c\000e}{chapter.3}% 328
\BOOKMARK [2][-]{subsection.3.25.1}{\376\377\0003\000.\0002\0005\000.\0001\000\040\000D\000e\000t\000a\000i\000l\000e\000d\000\040\000D\000e\000s\000c\000r\000i\000p\000t\000i\000o\000n}{section.3.25}% 329
\BOOKMARK [2][-]{subsection.3.25.2}{\376\377\0003\000.\0002\0005\000.\0002\000\040\000M\000e\000m\000b\000e\000r\000\040\000D\000a\000t\000a\000\040\000D\000o\000c\000u\000m\000e\000n\000t\000a\000t\000i\000o\000n}{section.3.25}% 330
\BOOKMARK [3][-]{subsubsection.3.25.2.1}{\376\377\0003\000.\0002\0005\000.\0002\000.\0001\000\040\000x\000m\000l\000\137\000i\000d}{subsection.3.25.2}% 331
\BOOKMARK [3][-]{subsubsection.3.25.2.2}{\376\377\0003\000.\0002\0005\000.\0002\000.\0002\000\040\000x\000m\000l\000\137\000i\000n\000i\000t\000\137\000c\000o\000n\000c}{subsection.3.25.2}% 332
\BOOKMARK [3][-]{subsubsection.3.25.2.3}{\376\377\0003\000.\0002\0005\000.\0002\000.\0003\000\040\000x\000m\000l\000\137\000n\000a\000m\000e}{subsection.3.25.2}% 333
\BOOKMARK [1][-]{section.3.26}{\376\377\0003\000.\0002\0006\000\040\000n\000w\000:\000:\000S\000t\000a\000n\000d\000a\000r\000d\000\137\000I\000p\000t\000:\000:\000x\000m\000l\000\137\000S\000u\000S\000w\000i\000t\000c\000h\000\137\000R\000c\000t\000\137\000E\000v\000t\000\040\000S\000t\000r\000u\000c\000t\000\040\000R\000e\000f\000e\000r\000e\000n\000c\000e}{chapter.3}% 334
\BOOKMARK [2][-]{subsection.3.26.1}{\376\377\0003\000.\0002\0006\000.\0001\000\040\000D\000e\000t\000a\000i\000l\000e\000d\000\040\000D\000e\000s\000c\000r\000i\000p\000t\000i\000o\000n}{section.3.26}% 335
\BOOKMARK [2][-]{subsection.3.26.2}{\376\377\0003\000.\0002\0006\000.\0002\000\040\000M\000e\000m\000b\000e\000r\000\040\000D\000a\000t\000a\000\040\000D\000o\000c\000u\000m\000e\000n\000t\000a\000t\000i\000o\000n}{section.3.26}% 336
\BOOKMARK [3][-]{subsubsection.3.26.2.1}{\376\377\0003\000.\0002\0006\000.\0002\000.\0001\000\040\000x\000m\000l\000\137\000a\000c\000t\000S\000u\000\137\000i\000d}{subsection.3.26.2}% 337
\BOOKMARK [3][-]{subsubsection.3.26.2.2}{\376\377\0003\000.\0002\0006\000.\0002\000.\0002\000\040\000x\000m\000l\000\137\000c\000h\000a\000n\000n\000e\000l\000\137\000i\000d}{subsection.3.26.2}% 338
\BOOKMARK [1][-]{section.3.27}{\376\377\0003\000.\0002\0007\000\040\000n\000w\000:\000:\000S\000t\000a\000n\000d\000a\000r\000d\000\137\000I\000p\000t\000:\000:\000x\000m\000l\000\137\000v\000x\000l\000\040\000S\000t\000r\000u\000c\000t\000\040\000R\000e\000f\000e\000r\000e\000n\000c\000e}{chapter.3}% 339
\BOOKMARK [2][-]{subsection.3.27.1}{\376\377\0003\000.\0002\0007\000.\0001\000\040\000D\000e\000t\000a\000i\000l\000e\000d\000\040\000D\000e\000s\000c\000r\000i\000p\000t\000i\000o\000n}{section.3.27}% 340
\BOOKMARK [2][-]{subsection.3.27.2}{\376\377\0003\000.\0002\0007\000.\0002\000\040\000M\000e\000m\000b\000e\000r\000\040\000D\000a\000t\000a\000\040\000D\000o\000c\000u\000m\000e\000n\000t\000a\000t\000i\000o\000n}{section.3.27}% 341
\BOOKMARK [3][-]{subsubsection.3.27.2.1}{\376\377\0003\000.\0002\0007\000.\0002\000.\0001\000\040\000x\000m\000l\000\137\000i\000d}{subsection.3.27.2}% 342
\BOOKMARK [3][-]{subsubsection.3.27.2.2}{\376\377\0003\000.\0002\0007\000.\0002\000.\0002\000\040\000x\000m\000l\000\137\000i\000n\000i\000t\000\137\000s\000t\000a\000t\000e}{subsection.3.27.2}% 343
\BOOKMARK [3][-]{subsubsection.3.27.2.3}{\376\377\0003\000.\0002\0007\000.\0002\000.\0003\000\040\000x\000m\000l\000\137\000v\000x\000l\000\137\000n\000e\000i\000g\000h\000b\000o\000u\000r\000s}{subsection.3.27.2}% 344
\BOOKMARK [0][-]{chapter.4}{\376\377\0004\000\040\000F\000i\000l\000e\000\040\000D\000o\000c\000u\000m\000e\000n\000t\000a\000t\000i\000o\000n}{}% 345
\BOOKMARK [1][-]{section.4.1}{\376\377\0004\000.\0001\000\040\000E\000v\000e\000n\000t\000s\000/\000\137\000E\000v\000e\000n\000t\000.\000h\000\040\000F\000i\000l\000e\000\040\000R\000e\000f\000e\000r\000e\000n\000c\000e}{chapter.4}% 346
\BOOKMARK [1][-]{section.4.2}{\376\377\0004\000.\0002\000\040\000E\000v\000e\000n\000t\000s\000/\000C\000h\000F\000l\000u\000x\000\137\000R\000c\000t\000\137\000E\000v\000t\000.\000c\000p\000p\000\040\000F\000i\000l\000e\000\040\000R\000e\000f\000e\000r\000e\000n\000c\000e}{chapter.4}% 347
\BOOKMARK [1][-]{section.4.3}{\376\377\0004\000.\0003\000\040\000E\000v\000e\000n\000t\000s\000/\000C\000h\000F\000l\000u\000x\000\137\000R\000c\000t\000\137\000E\000v\000t\000.\000h\000\040\000F\000i\000l\000e\000\040\000R\000e\000f\000e\000r\000e\000n\000c\000e}{chapter.4}% 348
\BOOKMARK [1][-]{section.4.4}{\376\377\0004\000.\0004\000\040\000E\000v\000e\000n\000t\000s\000/\000D\000i\000f\000f\000u\000s\000i\000o\000n\000\137\000E\000v\000t\000.\000c\000p\000p\000\040\000F\000i\000l\000e\000\040\000R\000e\000f\000e\000r\000e\000n\000c\000e}{chapter.4}% 349
\BOOKMARK [1][-]{section.4.5}{\376\377\0004\000.\0005\000\040\000E\000v\000e\000n\000t\000s\000/\000D\000i\000f\000f\000u\000s\000i\000o\000n\000\137\000E\000v\000t\000.\000h\000\040\000F\000i\000l\000e\000\040\000R\000e\000f\000e\000r\000e\000n\000c\000e}{chapter.4}% 350
\BOOKMARK [1][-]{section.4.6}{\376\377\0004\000.\0006\000\040\000E\000v\000e\000n\000t\000s\000/\000R\000e\000a\000c\000t\000i\000o\000n\000\137\000E\000v\000t\000.\000c\000p\000p\000\040\000F\000i\000l\000e\000\040\000R\000e\000f\000e\000r\000e\000n\000c\000e}{chapter.4}% 351
\BOOKMARK [1][-]{section.4.7}{\376\377\0004\000.\0007\000\040\000E\000v\000e\000n\000t\000s\000/\000R\000e\000a\000c\000t\000i\000o\000n\000\137\000E\000v\000t\000.\000h\000\040\000F\000i\000l\000e\000\040\000R\000e\000f\000e\000r\000e\000n\000c\000e}{chapter.4}% 352
\BOOKMARK [1][-]{section.4.8}{\376\377\0004\000.\0008\000\040\000E\000v\000e\000n\000t\000s\000/\000S\000u\000b\000U\000n\000i\000t\000S\000w\000i\000t\000c\000h\000\137\000R\000c\000t\000\137\000E\000v\000t\000.\000c\000p\000p\000\040\000F\000i\000l\000e\000\040\000R\000e\000f\000e\000r\000e\000n\000c\000e}{chapter.4}% 353
\BOOKMARK [1][-]{section.4.9}{\376\377\0004\000.\0009\000\040\000E\000v\000e\000n\000t\000s\000/\000S\000u\000b\000U\000n\000i\000t\000S\000w\000i\000t\000c\000h\000\137\000R\000c\000t\000\137\000E\000v\000t\000.\000h\000\040\000F\000i\000l\000e\000\040\000R\000e\000f\000e\000r\000e\000n\000c\000e}{chapter.4}% 354
\BOOKMARK [1][-]{section.4.10}{\376\377\0004\000.\0001\0000\000\040\000I\000n\000p\000u\000t\000/\000\137\000I\000n\000p\000u\000t\000.\000h\000\040\000F\000i\000l\000e\000\040\000R\000e\000f\000e\000r\000e\000n\000c\000e}{chapter.4}% 355
\BOOKMARK [1][-]{section.4.11}{\376\377\0004\000.\0001\0001\000\040\000I\000n\000p\000u\000t\000/\000S\000t\000a\000n\000d\000a\000r\000d\000\137\000I\000p\000t\000.\000c\000p\000p\000\040\000F\000i\000l\000e\000\040\000R\000e\000f\000e\000r\000e\000n\000c\000e}{chapter.4}% 356
\BOOKMARK [1][-]{section.4.12}{\376\377\0004\000.\0001\0002\000\040\000I\000n\000p\000u\000t\000/\000S\000t\000a\000n\000d\000a\000r\000d\000\137\000I\000p\000t\000.\000h\000\040\000F\000i\000l\000e\000\040\000R\000e\000f\000e\000r\000e\000n\000c\000e}{chapter.4}% 357
\BOOKMARK [1][-]{section.4.13}{\376\377\0004\000.\0001\0003\000\040\000m\000a\000i\000n\000p\000a\000g\000e\000.\000d\000o\000x\000\040\000F\000i\000l\000e\000\040\000R\000e\000f\000e\000r\000e\000n\000c\000e}{chapter.4}% 358
\BOOKMARK [1][-]{section.4.14}{\376\377\0004\000.\0001\0004\000\040\000R\000a\000n\000d\000o\000m\000/\000\137\000R\000a\000n\000d\000o\000m\000.\000h\000\040\000F\000i\000l\000e\000\040\000R\000e\000f\000e\000r\000e\000n\000c\000e}{chapter.4}% 359
\BOOKMARK [1][-]{section.4.15}{\376\377\0004\000.\0001\0005\000\040\000R\000a\000n\000d\000o\000m\000/\000U\000n\000i\000\137\000R\000n\000d\000.\000c\000p\000p\000\040\000F\000i\000l\000e\000\040\000R\000e\000f\000e\000r\000e\000n\000c\000e}{chapter.4}% 360
\BOOKMARK [2][-]{subsection.4.15.1}{\376\377\0004\000.\0001\0005\000.\0001\000\040\000M\000a\000c\000r\000o\000\040\000D\000e\000f\000i\000n\000i\000t\000i\000o\000n\000\040\000D\000o\000c\000u\000m\000e\000n\000t\000a\000t\000i\000o\000n}{section.4.15}% 361
\BOOKMARK [3][-]{subsubsection.4.15.1.1}{\376\377\0004\000.\0001\0005\000.\0001\000.\0001\000\040\000A\000M}{subsection.4.15.1}% 362
\BOOKMARK [3][-]{subsubsection.4.15.1.2}{\376\377\0004\000.\0001\0005\000.\0001\000.\0002\000\040\000E\000P\000S}{subsection.4.15.1}% 363
\BOOKMARK [3][-]{subsubsection.4.15.1.3}{\376\377\0004\000.\0001\0005\000.\0001\000.\0003\000\040\000I\000A}{subsection.4.15.1}% 364
\BOOKMARK [3][-]{subsubsection.4.15.1.4}{\376\377\0004\000.\0001\0005\000.\0001\000.\0004\000\040\000I\000M}{subsection.4.15.1}% 365
\BOOKMARK [3][-]{subsubsection.4.15.1.5}{\376\377\0004\000.\0001\0005\000.\0001\000.\0005\000\040\000I\000Q}{subsection.4.15.1}% 366
\BOOKMARK [3][-]{subsubsection.4.15.1.6}{\376\377\0004\000.\0001\0005\000.\0001\000.\0006\000\040\000I\000R}{subsection.4.15.1}% 367
\BOOKMARK [3][-]{subsubsection.4.15.1.7}{\376\377\0004\000.\0001\0005\000.\0001\000.\0007\000\040\000N\000D\000I\000V}{subsection.4.15.1}% 368
\BOOKMARK [3][-]{subsubsection.4.15.1.8}{\376\377\0004\000.\0001\0005\000.\0001\000.\0008\000\040\000N\000T\000A\000B}{subsection.4.15.1}% 369
\BOOKMARK [3][-]{subsubsection.4.15.1.9}{\376\377\0004\000.\0001\0005\000.\0001\000.\0009\000\040\000R\000N\000M\000X}{subsection.4.15.1}% 370
\BOOKMARK [1][-]{section.4.16}{\376\377\0004\000.\0001\0006\000\040\000R\000a\000n\000d\000o\000m\000/\000U\000n\000i\000\137\000R\000n\000d\000.\000h\000\040\000F\000i\000l\000e\000\040\000R\000e\000f\000e\000r\000e\000n\000c\000e}{chapter.4}% 371
\BOOKMARK [1][-]{section.4.17}{\376\377\0004\000.\0001\0007\000\040\000S\000p\000e\000c\000i\000e\000s\000/\000\137\000S\000p\000e\000c\000i\000e\000s\000.\000h\000\040\000F\000i\000l\000e\000\040\000R\000e\000f\000e\000r\000e\000n\000c\000e}{chapter.4}% 372
\BOOKMARK [1][-]{section.4.18}{\376\377\0004\000.\0001\0008\000\040\000S\000p\000e\000c\000i\000e\000s\000/\000C\000h\000a\000n\000n\000e\000l\000\137\000S\000p\000c\000.\000c\000p\000p\000\040\000F\000i\000l\000e\000\040\000R\000e\000f\000e\000r\000e\000n\000c\000e}{chapter.4}% 373
\BOOKMARK [1][-]{section.4.19}{\376\377\0004\000.\0001\0009\000\040\000S\000p\000e\000c\000i\000e\000s\000/\000C\000h\000a\000n\000n\000e\000l\000\137\000S\000p\000c\000.\000h\000\040\000F\000i\000l\000e\000\040\000R\000e\000f\000e\000r\000e\000n\000c\000e}{chapter.4}% 374
\BOOKMARK [1][-]{section.4.20}{\376\377\0004\000.\0002\0000\000\040\000S\000p\000e\000c\000i\000e\000s\000/\000S\000t\000a\000n\000d\000a\000r\000d\000\137\000S\000p\000c\000.\000h\000\040\000F\000i\000l\000e\000\040\000R\000e\000f\000e\000r\000e\000n\000c\000e}{chapter.4}% 375
\BOOKMARK [1][-]{section.4.21}{\376\377\0004\000.\0002\0001\000\040\000S\000y\000s\000t\000e\000m\000/\000\137\000S\000y\000s\000t\000e\000m\000.\000h\000\040\000F\000i\000l\000e\000\040\000R\000e\000f\000e\000r\000e\000n\000c\000e}{chapter.4}% 376
\BOOKMARK [1][-]{section.4.22}{\376\377\0004\000.\0002\0002\000\040\000S\000y\000s\000t\000e\000m\000/\000G\000i\000l\000l\000e\000s\000p\000i\000e\000\137\000S\000y\000s\000.\000c\000p\000p\000\040\000F\000i\000l\000e\000\040\000R\000e\000f\000e\000r\000e\000n\000c\000e}{chapter.4}% 377
\BOOKMARK [1][-]{section.4.23}{\376\377\0004\000.\0002\0003\000\040\000S\000y\000s\000t\000e\000m\000/\000G\000i\000l\000l\000e\000s\000p\000i\000e\000\137\000S\000y\000s\000.\000h\000\040\000F\000i\000l\000e\000\040\000R\000e\000f\000e\000r\000e\000n\000c\000e}{chapter.4}% 378
\BOOKMARK [1][-]{section.4.24}{\376\377\0004\000.\0002\0004\000\040\000V\000o\000x\000e\000l\000/\000\137\000V\000o\000x\000e\000l\000.\000h\000\040\000F\000i\000l\000e\000\040\000R\000e\000f\000e\000r\000e\000n\000c\000e}{chapter.4}% 379
\BOOKMARK [1][-]{section.4.25}{\376\377\0004\000.\0002\0005\000\040\000V\000o\000x\000e\000l\000/\000B\000o\000r\000d\000e\000r\000\137\000V\000x\000l\000.\000c\000p\000p\000\040\000F\000i\000l\000e\000\040\000R\000e\000f\000e\000r\000e\000n\000c\000e}{chapter.4}% 380
\BOOKMARK [1][-]{section.4.26}{\376\377\0004\000.\0002\0006\000\040\000V\000o\000x\000e\000l\000/\000B\000o\000r\000d\000e\000r\000\137\000V\000x\000l\000.\000h\000\040\000F\000i\000l\000e\000\040\000R\000e\000f\000e\000r\000e\000n\000c\000e}{chapter.4}% 381
\BOOKMARK [1][-]{section.4.27}{\376\377\0004\000.\0002\0007\000\040\000V\000o\000x\000e\000l\000/\000S\000t\000a\000n\000d\000a\000r\000d\000\137\000V\000x\000l\000.\000c\000p\000p\000\040\000F\000i\000l\000e\000\040\000R\000e\000f\000e\000r\000e\000n\000c\000e}{chapter.4}% 382
\BOOKMARK [1][-]{section.4.28}{\376\377\0004\000.\0002\0008\000\040\000V\000o\000x\000e\000l\000/\000S\000t\000a\000n\000d\000a\000r\000d\000\137\000V\000x\000l\000.\000h\000\040\000F\000i\000l\000e\000\040\000R\000e\000f\000e\000r\000e\000n\000c\000e}{chapter.4}% 383
